This is pdfTeX, Version 3.141592653-2.6-1.40.29 (TeX Live 2026) (preloaded format=pdflatex 2026.4.26)  7 MAY 2026 20:50
entering extended mode
 restricted \write18 enabled.
 %&-line parsing enabled.
**main.tex
(./main.tex
LaTeX2e <2025-11-01>
L3 programming layer <2026-03-20>
(c:/texlive/2026/texmf-dist/tex/latex/base/book.cls
Document Class: book 2025/01/22 v1.4n Standard LaTeX document class
(c:/texlive/2026/texmf-dist/tex/latex/base/bk12.clo
File: bk12.clo 2025/01/22 v1.4n Standard LaTeX file (size option)
)
\c@part=\count275
\c@chapter=\count276
\c@section=\count277
\c@subsection=\count278
\c@subsubsection=\count279
\c@paragraph=\count280
\c@subparagraph=\count281
\c@figure=\count282
\c@table=\count283
\abovecaptionskip=\skip49
\belowcaptionskip=\skip50
\bibindent=\dimen150
) (./preamble.tex
(c:/texlive/2026/texmf-dist/tex/latex/geometry/geometry.sty
Package: geometry 2026/03/07 v6.0 Page Geometry

(c:/texlive/2026/texmf-dist/tex/latex/graphics/keyval.sty
Package: keyval 2022/05/29 v1.15 key=value parser (DPC)
\KV@toks@=\toks17
)
(c:/texlive/2026/texmf-dist/tex/generic/iftex/ifvtex.sty
Package: ifvtex 2019/10/25 v1.7 ifvtex legacy package. Use iftex instead.

(c:/texlive/2026/texmf-dist/tex/generic/iftex/iftex.sty
Package: iftex 2024/12/12 v1.0g TeX engine tests
))
\Gm@cnth=\count284
\Gm@cntv=\count285
\c@Gm@tempcnt=\count286
\Gm@bindingoffset=\dimen151
\Gm@wd@mp=\dimen152
\Gm@odd@mp=\dimen153
\Gm@even@mp=\dimen154
\Gm@layoutwidth=\dimen155
\Gm@layoutheight=\dimen156
\Gm@layouthoffset=\dimen157
\Gm@layoutvoffset=\dimen158
\Gm@dimlist=\toks18
)
(c:/texlive/2026/texmf-dist/tex/latex/base/inputenc.sty
Package: inputenc 2024/02/08 v1.3d Input encoding file
\inpenc@prehook=\toks19
\inpenc@posthook=\toks20
)
(c:/texlive/2026/texmf-dist/tex/latex/base/fontenc.sty
Package: fontenc 2025/07/18 v2.1d Standard LaTeX package
)
(c:/texlive/2026/texmf-dist/tex/generic/babel/babel.sty
Package: babel 2026/04/15 v26.6 The multilingual framework for LuaLaTeX, pdfLaT
eX and XeLaTeX
\babel@savecnt=\count287
LaTeX Encoding Info:    Redeclaring text command \ij (encoding OT1) on input li
ne 2078.
LaTeX Encoding Info:    Redeclaring text command \IJ (encoding OT1) on input li
ne 2080.
LaTeX Encoding Info:    Redeclaring text command \ij (encoding T1) on input lin
e 2082.
LaTeX Encoding Info:    Redeclaring text command \IJ (encoding T1) on input lin
e 2083.
LaTeX Encoding Info:    Ignoring declaration for text command \ij (encoding ?) 
on input line 2084.
LaTeX Encoding Info:    Ignoring declaration for text command \IJ (encoding ?) 
on input line 2086.
LaTeX Encoding Info:    Ignoring declaration for text command \SS (encoding ?) 
on input line 2111.
\U@D=\dimen159
\l@unhyphenated=\language91

(c:/texlive/2026/texmf-dist/tex/generic/babel/txtbabel.def)
\bbl@readstream=\read2
\bbl@dirlevel=\count288

(c:/texlive/2026/texmf-dist/tex/generic/babel/locale/sk/babel-slovak.tex)
Package babel Info: Importing font and identification data for slovak
(babel)             from babel-sk.ini. Reported on input line 4330.

(c:/texlive/2026/texmf-dist/tex/generic/babel-slovak/slovak.ldf
Language: slovak 2008/07/06 v3.1a Slovak support from the babel system
Package babel Info: Making ^ an active character on input line 123.
Package babel Info: Making " an active character on input line 126.
Package babel Info: Making ' an active character on input line 129.
\cs@wordlen=\count289
Package babel Info: Making - an active character on input line 294.
))
(c:/texlive/2026/texmf-dist/tex/latex/amsmath/amsmath.sty
Package: amsmath 2025/07/09 v2.17z AMS math features
\@mathmargin=\skip51

For additional information on amsmath, use the `?' option.
(c:/texlive/2026/texmf-dist/tex/latex/amsmath/amstext.sty
Package: amstext 2024/11/17 v2.01 AMS text

(c:/texlive/2026/texmf-dist/tex/latex/amsmath/amsgen.sty
File: amsgen.sty 1999/11/30 v2.0 generic functions
\@emptytoks=\toks21
\ex@=\dimen160
))
(c:/texlive/2026/texmf-dist/tex/latex/amsmath/amsbsy.sty
Package: amsbsy 1999/11/29 v1.2d Bold Symbols
\pmbraise@=\dimen161
)
(c:/texlive/2026/texmf-dist/tex/latex/amsmath/amsopn.sty
Package: amsopn 2022/04/08 v2.04 operator names
)
\inf@bad=\count290
LaTeX Info: Redefining \frac on input line 233.
\uproot@=\count291
\leftroot@=\count292
LaTeX Info: Redefining \overline on input line 398.
LaTeX Info: Redefining \colon on input line 409.
\classnum@=\count293
\DOTSCASE@=\count294
LaTeX Info: Redefining \ldots on input line 495.
LaTeX Info: Redefining \dots on input line 498.
LaTeX Info: Redefining \cdots on input line 619.
\Mathstrutbox@=\box53
\strutbox@=\box54
LaTeX Info: Redefining \big on input line 721.
LaTeX Info: Redefining \Big on input line 722.
LaTeX Info: Redefining \bigg on input line 723.
LaTeX Info: Redefining \Bigg on input line 724.
\big@size=\dimen162
LaTeX Font Info:    Redeclaring font encoding OML on input line 742.
LaTeX Font Info:    Redeclaring font encoding OMS on input line 743.
\macc@depth=\count295
LaTeX Info: Redefining \bmod on input line 904.
LaTeX Info: Redefining \pmod on input line 909.
LaTeX Info: Redefining \smash on input line 939.
LaTeX Info: Redefining \relbar on input line 969.
LaTeX Info: Redefining \Relbar on input line 970.
\c@MaxMatrixCols=\count296
\dotsspace@=\muskip17
\c@parentequation=\count297
\dspbrk@lvl=\count298
\tag@help=\toks22
\row@=\count299
\column@=\count300
\maxfields@=\count301
\andhelp@=\toks23
\eqnshift@=\dimen163
\alignsep@=\dimen164
\tagshift@=\dimen165
\tagwidth@=\dimen166
\totwidth@=\dimen167
\lineht@=\dimen168
\@envbody=\toks24
\multlinegap=\skip52
\multlinetaggap=\skip53
\mathdisplay@stack=\toks25
LaTeX Info: Redefining \[ on input line 2950.
LaTeX Info: Redefining \] on input line 2951.
)
(c:/texlive/2026/texmf-dist/tex/latex/amsfonts/amssymb.sty
Package: amssymb 2013/01/14 v3.01 AMS font symbols

(c:/texlive/2026/texmf-dist/tex/latex/amsfonts/amsfonts.sty
Package: amsfonts 2013/01/14 v3.01 Basic AMSFonts support
\symAMSa=\mathgroup4
\symAMSb=\mathgroup5
LaTeX Font Info:    Redeclaring math symbol \hbar on input line 98.
LaTeX Font Info:    Overwriting math alphabet `\mathfrak' in version `bold'
(Font)                  U/euf/m/n --> U/euf/b/n on input line 106.
))
(c:/texlive/2026/texmf-dist/tex/latex/tools/array.sty
Package: array 2025/09/25 v2.6n Tabular extension package (FMi)
\col@sep=\dimen169
\ar@mcellbox=\box55
\extrarowheight=\dimen170
\NC@list=\toks26
\extratabsurround=\skip54
\backup@length=\skip55
\ar@cellbox=\box56
)
(c:/texlive/2026/texmf-dist/tex/latex/booktabs/booktabs.sty
Package: booktabs 2020/01/12 v1.61803398 Publication quality tables
\heavyrulewidth=\dimen171
\lightrulewidth=\dimen172
\cmidrulewidth=\dimen173
\belowrulesep=\dimen174
\belowbottomsep=\dimen175
\aboverulesep=\dimen176
\abovetopsep=\dimen177
\cmidrulesep=\dimen178
\cmidrulekern=\dimen179
\defaultaddspace=\dimen180
\@cmidla=\count302
\@cmidlb=\count303
\@aboverulesep=\dimen181
\@belowrulesep=\dimen182
\@thisruleclass=\count304
\@lastruleclass=\count305
\@thisrulewidth=\dimen183
)
(c:/texlive/2026/texmf-dist/tex/latex/xcolor/xcolor.sty
Package: xcolor 2024/09/29 v3.02 LaTeX color extensions (UK)

(c:/texlive/2026/texmf-dist/tex/latex/graphics-cfg/color.cfg
File: color.cfg 2016/01/02 v1.6 sample color configuration
)
Package xcolor Info: Driver file: pdftex.def on input line 274.

(c:/texlive/2026/texmf-dist/tex/latex/graphics-def/pdftex.def
File: pdftex.def 2025/09/29 v1.2d Graphics/color driver for pdftex
)
(c:/texlive/2026/texmf-dist/tex/latex/graphics/mathcolor.ltx)
Package xcolor Info: Model `cmy' substituted by `cmy0' on input line 1349.
Package xcolor Info: Model `hsb' substituted by `rgb' on input line 1353.
Package xcolor Info: Model `RGB' extended on input line 1365.
Package xcolor Info: Model `HTML' substituted by `rgb' on input line 1367.
Package xcolor Info: Model `Hsb' substituted by `hsb' on input line 1368.
Package xcolor Info: Model `tHsb' substituted by `hsb' on input line 1369.
Package xcolor Info: Model `HSB' substituted by `hsb' on input line 1370.
Package xcolor Info: Model `Gray' substituted by `gray' on input line 1371.
Package xcolor Info: Model `wave' substituted by `hsb' on input line 1372.
)
(c:/texlive/2026/texmf-dist/tex/latex/graphics/graphicx.sty
Package: graphicx 2024/12/31 v1.2e Enhanced LaTeX Graphics (DPC,SPQR)

(c:/texlive/2026/texmf-dist/tex/latex/graphics/graphics.sty
Package: graphics 2024/08/06 v1.4g Standard LaTeX Graphics (DPC,SPQR)

(c:/texlive/2026/texmf-dist/tex/latex/graphics/trig.sty
Package: trig 2023/12/02 v1.11 sin cos tan (DPC)
)
(c:/texlive/2026/texmf-dist/tex/latex/graphics-cfg/graphics.cfg
File: graphics.cfg 2016/06/04 v1.11 sample graphics configuration
)
Package graphics Info: Driver file: pdftex.def on input line 106.
)
\Gin@req@height=\dimen184
\Gin@req@width=\dimen185
)
(c:/texlive/2026/texmf-dist/tex/latex/placeins/placeins.sty
Package: placeins 2005/04/18  v 2.2
)
(c:/texlive/2026/texmf-dist/tex/latex/pdfpages/pdfpages.sty
Package: pdfpages 2026/03/30 v0.6h Insert pages of external PDF documents (AM)

(c:/texlive/2026/texmf-dist/tex/latex/base/ifthen.sty
Package: ifthen 2024/03/16 v1.1e Standard LaTeX ifthen package (DPC)
)
(c:/texlive/2026/texmf-dist/tex/latex/tools/calc.sty
Package: calc 2025/03/01 v4.3b Infix arithmetic (KKT,FJ)
\calc@Acount=\count306
\calc@Bcount=\count307
\calc@Adimen=\dimen186
\calc@Bdimen=\dimen187
\calc@Askip=\skip56
\calc@Bskip=\skip57
LaTeX Info: Redefining \setlength on input line 86.
LaTeX Info: Redefining \addtolength on input line 87.
\calc@Ccount=\count308
\calc@Cskip=\skip58
)
(c:/texlive/2026/texmf-dist/tex/latex/eso-pic/eso-pic.sty
Package: eso-pic 2025/12/10 v3.0d eso-pic (RN)
\ESO@tempdima=\dimen188
\ESO@tempdimb=\dimen189
)
(c:/texlive/2026/texmf-dist/tex/latex/etoolbox/etoolbox.sty
Package: etoolbox 2025/10/02 v2.5m e-TeX tools for LaTeX (JAW)
\etb@tempcnta=\count309
)
\AM@pagewidth=\dimen190
\AM@pageheight=\dimen191
\AM@fboxrule=\dimen192

(c:/texlive/2026/texmf-dist/tex/latex/pdfpages/pppdftex.def
File: pppdftex.def 2026/03/30 v0.6h Pdfpages driver for pdfTeX (AM)
)
\pdfpages@includegraphics@status=\count310
\AM@pagebox=\box57
\AM@global@opts=\toks27
\AM@pagecnt=\count311
\AM@toc@title=\toks28
\AM@lof@heading=\toks29
\c@AM@survey=\count312
\AM@templatesizebox=\box58
)
(c:/texlive/2026/texmf-dist/tex/latex/url/url.sty
\Urlmuskip=\muskip18
Package: url 2013/09/16  ver 3.4  Verb mode for urls, etc.
)
(c:/texlive/2026/texmf-dist/tex/latex/hyperref/hyperref.sty
Package: hyperref 2026-04-24 v7.01q Hypertext links for LaTeX

(c:/texlive/2026/texmf-dist/tex/latex/kvsetkeys/kvsetkeys.sty
Package: kvsetkeys 2022-10-05 v1.19 Key value parser (HO)
)
(c:/texlive/2026/texmf-dist/tex/generic/kvdefinekeys/kvdefinekeys.sty
Package: kvdefinekeys 2019-12-19 v1.6 Define keys (HO)
)
(c:/texlive/2026/texmf-dist/tex/generic/pdfescape/pdfescape.sty
Package: pdfescape 2019/12/09 v1.15 Implements pdfTeX's escape features (HO)

(c:/texlive/2026/texmf-dist/tex/generic/ltxcmds/ltxcmds.sty
Package: ltxcmds 2023-12-04 v1.26 LaTeX kernel commands for general use (HO)
)
(c:/texlive/2026/texmf-dist/tex/generic/pdftexcmds/pdftexcmds.sty
Package: pdftexcmds 2020-06-27 v0.33 Utility functions of pdfTeX for LuaTeX (HO
)

(c:/texlive/2026/texmf-dist/tex/generic/infwarerr/infwarerr.sty
Package: infwarerr 2019/12/03 v1.5 Providing info/warning/error messages (HO)
)
Package pdftexcmds Info: \pdf@primitive is available.
Package pdftexcmds Info: \pdf@ifprimitive is available.
Package pdftexcmds Info: \pdfdraftmode found.
))
(c:/texlive/2026/texmf-dist/tex/latex/hycolor/hycolor.sty
Package: hycolor 2020-01-27 v1.10 Color options for hyperref/bookmark (HO)
)
(c:/texlive/2026/texmf-dist/tex/latex/hyperref/nameref.sty
Package: nameref 2026-01-29 v2.58 Cross-referencing by name of section

(c:/texlive/2026/texmf-dist/tex/latex/refcount/refcount.sty
Package: refcount 2019/12/15 v3.6 Data extraction from label references (HO)
)
(c:/texlive/2026/texmf-dist/tex/generic/gettitlestring/gettitlestring.sty
Package: gettitlestring 2019/12/15 v1.6 Cleanup title references (HO)

(c:/texlive/2026/texmf-dist/tex/latex/kvoptions/kvoptions.sty
Package: kvoptions 2022-06-15 v3.15 Key value format for package options (HO)
))
\c@section@level=\count313
)
(c:/texlive/2026/texmf-dist/tex/generic/stringenc/stringenc.sty
Package: stringenc 2019/11/29 v1.12 Convert strings between diff. encodings (HO
)
)
\@linkdim=\dimen193
\Hy@linkcounter=\count314
\Hy@pagecounter=\count315

(c:/texlive/2026/texmf-dist/tex/latex/hyperref/pd1enc.def
File: pd1enc.def 2026-04-24 v7.01q Hyperref: PDFDocEncoding definition (HO)
Now handling font encoding PD1 ...
... no UTF-8 mapping file for font encoding PD1
)
(c:/texlive/2026/texmf-dist/tex/generic/intcalc/intcalc.sty
Package: intcalc 2019/12/15 v1.3 Expandable calculations with integers (HO)
)
\Hy@SavedSpaceFactor=\count316

(c:/texlive/2026/texmf-dist/tex/latex/hyperref/puenc.def
File: puenc.def 2026-04-24 v7.01q Hyperref: PDF Unicode definition (HO)
Now handling font encoding PU ...
... no UTF-8 mapping file for font encoding PU
)
Package hyperref Info: Option `breaklinks' set `true' on input line 4070.
Package hyperref Info: Hyper figures OFF on input line 4199.
Package hyperref Info: Link nesting OFF on input line 4204.
Package hyperref Info: Hyper index ON on input line 4207.
Package hyperref Info: Plain pages OFF on input line 4214.
Package hyperref Info: Backreferencing OFF on input line 4219.
Package hyperref Info: Implicit mode ON; LaTeX internals redefined.
Package hyperref Info: Bookmarks ON on input line 4466.
\c@Hy@tempcnt=\count317
LaTeX Info: Redefining \url on input line 4805.
\XeTeXLinkMargin=\dimen194

(c:/texlive/2026/texmf-dist/tex/generic/bitset/bitset.sty
Package: bitset 2019/12/09 v1.3 Handle bit-vector datatype (HO)

(c:/texlive/2026/texmf-dist/tex/generic/bigintcalc/bigintcalc.sty
Package: bigintcalc 2019/12/15 v1.5 Expandable calculations on big integers (HO
)
))
\Fld@menulength=\count318
\Field@Width=\dimen195
\Fld@charsize=\dimen196
Package hyperref Info: Hyper figures OFF on input line 6091.
Package hyperref Info: Link nesting OFF on input line 6096.
Package hyperref Info: Hyper index ON on input line 6099.
Package hyperref Info: backreferencing OFF on input line 6106.
Package hyperref Info: Link coloring OFF on input line 6111.
Package hyperref Info: Link coloring with OCG OFF on input line 6116.
Package hyperref Info: PDF/A mode OFF on input line 6121.
\Hy@abspage=\count319
\c@Item=\count320
\c@Hfootnote=\count321
)
Package hyperref Info: Driver (autodetected): hpdftex.

(c:/texlive/2026/texmf-dist/tex/latex/hyperref/hpdftex.def
File: hpdftex.def 2026-04-24 v7.01q Hyperref driver for pdfTeX
\Fld@listcount=\count322
\c@bookmark@seq@number=\count323

(c:/texlive/2026/texmf-dist/tex/latex/rerunfilecheck/rerunfilecheck.sty
Package: rerunfilecheck 2025-06-21 v1.11 Rerun checks for auxiliary files (HO)

(c:/texlive/2026/texmf-dist/tex/generic/uniquecounter/uniquecounter.sty
Package: uniquecounter 2019/12/15 v1.4 Provide unlimited unique counter (HO)
)
Package uniquecounter Info: New unique counter `rerunfilecheck' on input line 2
84.
)
\Hy@SectionHShift=\skip59
)
(c:/texlive/2026/texmf-dist/tex/latex/listings/listings.sty
\lst@mode=\count324
\lst@gtempboxa=\box59
\lst@token=\toks30
\lst@length=\count325
\lst@currlwidth=\dimen197
\lst@column=\count326
\lst@pos=\count327
\lst@lostspace=\dimen198
\lst@width=\dimen199
\lst@newlines=\count328
\lst@lineno=\count329
\lst@maxwidth=\dimen256

(c:/texlive/2026/texmf-dist/tex/latex/listings/lstpatch.sty
File: lstpatch.sty 2025/11/14 1.11b (Carsten Heinz)
)
(c:/texlive/2026/texmf-dist/tex/latex/listings/lstmisc.sty
File: lstmisc.sty 2025/11/14 1.11b (Carsten Heinz)
\c@lstnumber=\count330
\lst@skipnumbers=\count331
\lst@framebox=\box60
)
(c:/texlive/2026/texmf-dist/tex/latex/listings/listings.cfg
File: listings.cfg 2025/11/14 1.11b listings configuration
))
Package: listings 2025/11/14 1.11b (Carsten Heinz)

==> First Aid for listings.sty no longer applied!
    Expected:
        2024/09/23 1.10c (Carsten Heinz)
    but found:
        2025/11/14 1.11b (Carsten Heinz)
    so I'm assuming it got fixed.
) (./variables.tex) (./definitions.tex)
(c:/texlive/2026/texmf-dist/tex/latex/l3backend/l3backend-pdftex.def
File: l3backend-pdftex.def 2026-02-18 L3 backend support: PDF output (pdfTeX)
\l__color_backend_stack_int=\count332
)
(./main.aux
Package babel Info: 'slovak' activates 'slovak' shorthands.
(babel)             Reported on input line 11.
)
\openout1 = `main.aux'.

LaTeX Font Info:    Checking defaults for OML/cmm/m/it on input line 7.
LaTeX Font Info:    ... okay on input line 7.
LaTeX Font Info:    Checking defaults for OMS/cmsy/m/n on input line 7.
LaTeX Font Info:    ... okay on input line 7.
LaTeX Font Info:    Checking defaults for OT1/cmr/m/n on input line 7.
LaTeX Font Info:    ... okay on input line 7.
LaTeX Font Info:    Checking defaults for T1/cmr/m/n on input line 7.
LaTeX Font Info:    ... okay on input line 7.
LaTeX Font Info:    Checking defaults for TS1/cmr/m/n on input line 7.
LaTeX Font Info:    ... okay on input line 7.
LaTeX Font Info:    Checking defaults for OMX/cmex/m/n on input line 7.
LaTeX Font Info:    ... okay on input line 7.
LaTeX Font Info:    Checking defaults for U/cmr/m/n on input line 7.
LaTeX Font Info:    ... okay on input line 7.
LaTeX Font Info:    Checking defaults for PD1/pdf/m/n on input line 7.
LaTeX Font Info:    ... okay on input line 7.
LaTeX Font Info:    Checking defaults for PU/pdf/m/n on input line 7.
LaTeX Font Info:    ... okay on input line 7.

*geometry* driver: auto-detecting
*geometry* detected driver: pdftex
*geometry* verbose mode - [ preamble ] result:
* driver: pdftex
* paper: a4paper
* layout: <same size as paper>
* layoutoffset:(h,v)=(0.0pt,0.0pt)
* modes: twoside 
* h-part:(L,W,R)=(99.58464pt, 441.01773pt, 56.9055pt)
* v-part:(T,H,B)=(71.13188pt, 702.78308pt, 71.13188pt)
* \paperwidth=597.50787pt
* \paperheight=845.04684pt
* \textwidth=441.01773pt
* \textheight=702.78308pt
* \oddsidemargin=27.31465pt
* \evensidemargin=-15.36449pt
* \topmargin=-33.0119pt
* \headheight=12.0pt
* \headsep=19.8738pt
* \topskip=12.0pt
* \footskip=30.0pt
* \marginparwidth=98.0pt
* \marginparsep=7.0pt
* \columnsep=10.0pt
* \skip\footins=10.8pt plus 4.0pt minus 2.0pt
* \hoffset=0.0pt
* \voffset=0.0pt
* \mag=1000
* \@twocolumnfalse
* \@twosidetrue
* \@mparswitchtrue
* \@reversemarginfalse
* (1in=72.27pt=25.4mm, 1cm=28.453pt)

(c:/texlive/2026/texmf-dist/tex/context/base/mkii/supp-pdf.mkii
[Loading MPS to PDF converter (version 2006.09.02).]
\scratchcounter=\count333
\scratchdimen=\dimen257
\scratchbox=\box61
\nofMPsegments=\count334
\nofMParguments=\count335
\everyMPshowfont=\toks31
\MPscratchCnt=\count336
\MPscratchDim=\dimen258
\MPnumerator=\count337
\makeMPintoPDFobject=\count338
\everyMPtoPDFconversion=\toks32
) (c:/texlive/2026/texmf-dist/tex/latex/epstopdf-pkg/epstopdf-base.sty
Package: epstopdf-base 2020-01-24 v2.11 Base part for package epstopdf
Package epstopdf-base Info: Redefining graphics rule for `.eps' on input line 4
85.

(c:/texlive/2026/texmf-dist/tex/latex/latexconfig/epstopdf-sys.cfg
File: epstopdf-sys.cfg 2010/07/13 v1.3 Configuration of (r)epstopdf for TeX Liv
e
))
(c:/texlive/2026/texmf-dist/tex/latex/pdflscape/pdflscape.sty
Package: pdflscape 2025-06-23 v0.14 Display of landscape pages in PDF

(c:/texlive/2026/texmf-dist/tex/latex/pdflscape/pdflscape-nometadata.sty
Package: pdflscape-nometadata 2025-06-23 v0.14 Display of landscape pages in PD
F (HO)

(c:/texlive/2026/texmf-dist/tex/latex/graphics/lscape.sty
Package: lscape 2020/05/28 v3.02 Landscape Pages (DPC)
)
Package pdflscape Info: Auto-detected driver: pdftex on input line 81.
))
Package hyperref Info: Link coloring OFF on input line 7.
 (./main.out)
(./main.out)
\@outlinefile=\write3
\openout3 = `main.out'.

\c@lstlisting=\count339
 [1


{c:/texlive/2026/texmf-var/fonts/map/pdftex/updmap/pdftex.map}{c:/texlive/2026/
texmf-dist/fonts/enc/dvips/cm-super/cm-super-t1.enc}] [2

]
LaTeX Font Info:    Trying to load font information for U+msa on input line 52.


(c:/texlive/2026/texmf-dist/tex/latex/amsfonts/umsa.fd
File: umsa.fd 2013/01/14 v3.01 AMS symbols A
)
LaTeX Font Info:    Trying to load font information for U+msb on input line 52.


(c:/texlive/2026/texmf-dist/tex/latex/amsfonts/umsb.fd
File: umsb.fd 2013/01/14 v3.01 AMS symbols B
) [3] [4

]
<images/zadanie.pdf, id=229, 597.50731pt x 845.04607pt>
File: images/zadanie.pdf Graphic file (type pdf)
<use images/zadanie.pdf>
Package pdftex.def Info: images/zadanie.pdf  used on input line 72.
(pdftex.def)             Requested size: 597.50584pt x 845.044pt.
<images/zadanie.pdf, id=231, page=1, 597.50731pt x 845.04607pt>
File: images/zadanie.pdf Graphic file (type pdf)
<use images/zadanie.pdf, page 1>
Package pdftex.def Info: images/zadanie.pdf , page1 used on input line 72.
(pdftex.def)             Requested size: 597.50584pt x 845.044pt.
File: images/zadanie.pdf Graphic file (type pdf)
<use images/zadanie.pdf, page 1>
Package pdftex.def Info: images/zadanie.pdf , page1 used on input line 72.
(pdftex.def)             Requested size: 597.53319pt x 845.08269pt.
File: images/zadanie.pdf Graphic file (type pdf)
<use images/zadanie.pdf, page 1>
Package pdftex.def Info: images/zadanie.pdf , page1 used on input line 72.
(pdftex.def)             Requested size: 597.53319pt x 845.08269pt.
File: images/zadanie.pdf Graphic file (type pdf)
<use images/zadanie.pdf, page 1>
Package pdftex.def Info: images/zadanie.pdf , page1 used on input line 72.
(pdftex.def)             Requested size: 597.53319pt x 845.08269pt.

pdfTeX warning (ext4): destination with the same identifier (name{page.iii}) ha
s been already used, duplicate ignored
<to be read again> 
                   \relax 
l.72 \includepdf[pages=-]{images/zadanie.pdf}
                                             
File: images/zadanie.pdf Graphic file (type pdf)
<use images/zadanie.pdf, page 1>
Package pdftex.def Info: images/zadanie.pdf , page1 used on input line 72.
(pdftex.def)             Requested size: 597.53319pt x 845.08269pt.
 [3

 <./images/zadanie.pdf>]
(./chapters/00_podakovanie.tex) (./chapters/01_abstrakt.tex
pdfTeX warning (ext4): destination with the same identifier (name{page.iv}) has
 been already used, duplicate ignored
<to be read again> 
                   \relax 
l.1 \newpage
             [4]) (./chapters/02_abstract.tex [5]) [6] (./main.toc [7


])
\tf@toc=\write4
\openout4 = `main.toc'.


[8] (./main.lof [9

])
\tf@lof=\write5
\openout5 = `main.lof'.

 [10] (./main.lot)
\tf@lot=\write6
\openout6 = `main.lot'.

 [11

] [12

] (./chapters/03_uvod.tex)
(./chapters/04_teoreticke_vychodiska.tex [1

]
Package babel Info: 'slovak' activates 'slovak' shorthands.
(babel)             Reported on input line 1.
 [2

]
Kapitola 1.
[3] [4] [5]
<images/theory/theory_agent_environment_loop.pdf, id=486, 585.74835pt x 330.706
22pt>
File: images/theory/theory_agent_environment_loop.pdf Graphic file (type pdf)
<use images/theory/theory_agent_environment_loop.pdf>
Package pdftex.def Info: images/theory/theory_agent_environment_loop.pdf  used 
on input line 79.
(pdftex.def)             Requested size: 441.01773pt x 249.00294pt.
 [6] [7 <./images/theory/theory_agent_environment_loop.pdf>]
[8] [9]
<images/theory/theory_scalar_vs_lexicographic.pdf, id=542, 658.56035pt x 194.06
058pt>
File: images/theory/theory_scalar_vs_lexicographic.pdf Graphic file (type pdf)
<use images/theory/theory_scalar_vs_lexicographic.pdf>
Package pdftex.def Info: images/theory/theory_scalar_vs_lexicographic.pdf  used
 on input line 150.
(pdftex.def)             Requested size: 418.96548pt x 123.46101pt.
 [10 <./images/theory/theory_scalar_vs_lexicographic.pdf>] [11]
<images/theory/theory_activation_functions.pdf, id=593, 823.61105pt x 280.92812
pt>
File: images/theory/theory_activation_functions.pdf Graphic file (type pdf)
<use images/theory/theory_activation_functions.pdf>
Package pdftex.def Info: images/theory/theory_activation_functions.pdf  used on
 input line 195.
(pdftex.def)             Requested size: 441.01773pt x 150.43007pt.
 [12]
<images/theory/theory_neuron_layer_mlp.pdf, id=599, 546.54187pt x 364.38628pt>
File: images/theory/theory_neuron_layer_mlp.pdf Graphic file (type pdf)
<use images/theory/theory_neuron_layer_mlp.pdf>
Package pdftex.def Info: images/theory/theory_neuron_layer_mlp.pdf  used on inp
ut line 221.
(pdftex.def)             Requested size: 441.01773pt x 294.03368pt.

[13 <./images/theory/theory_activation_functions.pdf>] [14 <./images/theory/the
ory_neuron_layer_mlp.pdf>]
<images/theory/theory_blackbox_function.pdf, id=649, 431.81326pt x 248.17519pt>

File: images/theory/theory_blackbox_function.pdf Graphic file (type pdf)
<use images/theory/theory_blackbox_function.pdf>
Package pdftex.def Info: images/theory/theory_blackbox_function.pdf  used on in
put line 236.
(pdftex.def)             Requested size: 361.63776pt x 207.85605pt.
 [15 <./images/theory/theory_blackbox_function.pdf>]
[16] [17] [18] [19] [20] [21]
<images/theory/theory_ga_initial_population.pdf, id=747, 679.50322pt x 281.5639
2pt>
File: images/theory/theory_ga_initial_population.pdf Graphic file (type pdf)
<use images/theory/theory_ga_initial_population.pdf>
Package pdftex.def Info: images/theory/theory_ga_initial_population.pdf  used o
n input line 382.
(pdftex.def)             Requested size: 441.01773pt x 182.7437pt.
<images/theory/theory_ga_selection.pdf, id=748, 652.24709pt x 281.56392pt>
File: images/theory/theory_ga_selection.pdf Graphic file (type pdf)
<use images/theory/theory_ga_selection.pdf>
Package pdftex.def Info: images/theory/theory_ga_selection.pdf  used on input l
ine 394.
(pdftex.def)             Requested size: 441.01773pt x 190.38684pt.
 [22 <./images/theory/theory_ga_initial_population.pdf>]
<images/theory/theory_ga_crossover.pdf, id=771, 660.44183pt x 363.92282pt>
File: images/theory/theory_ga_crossover.pdf Graphic file (type pdf)
<use images/theory/theory_ga_crossover.pdf>
Package pdftex.def Info: images/theory/theory_ga_crossover.pdf  used on input l
ine 409.
(pdftex.def)             Requested size: 441.01773pt x 243.01073pt.
 [23 <./images/theory/theory_ga_selection.pdf> <./images/theory/theory_ga_cross
over.pdf>]
<images/theory/theory_ga_mutation.pdf, id=823, 680.90144pt x 312.17026pt>
File: images/theory/theory_ga_mutation.pdf Graphic file (type pdf)
<use images/theory/theory_ga_mutation.pdf>
Package pdftex.def Info: images/theory/theory_ga_mutation.pdf  used on input li
ne 425.
(pdftex.def)             Requested size: 396.91325pt x 181.97343pt.

Overfull \hbox (0.24104pt too wide) in paragraph at lines 436--437
 []\T1/cmr/bx/n/12 Neuroevolúcia.[] \T1/cmr/m/n/12 Ne-uro-evo-lú-cia je po-u-şi
-tie evo-luŁ-ných al-go-rit-mov na ne-uró-nové siete.
 []

[24 <./images/theory/theory_ga_mutation.pdf>]
<images/theory/theory_neuroevolution_genome.pdf, id=854, 682.22879pt x 287.1287
1pt>
File: images/theory/theory_neuroevolution_genome.pdf Graphic file (type pdf)
<use images/theory/theory_neuroevolution_genome.pdf>
Package pdftex.def Info: images/theory/theory_neuroevolution_genome.pdf  used o
n input line 444.
(pdftex.def)             Requested size: 405.7355pt x 170.76263pt.
 [25 <./images/theory/theory_neuroevolution_genome.pdf>] [26] [27] [28] [29]
<images/theory/theory_trackmania_a01_human_times.pdf, id=921, 628.3086pt x 334.
29614pt>
File: images/theory/theory_trackmania_a01_human_times.pdf Graphic file (type pd
f)
<use images/theory/theory_trackmania_a01_human_times.pdf>
Package pdftex.def Info: images/theory/theory_trackmania_a01_human_times.pdf  u
sed on input line 551.
(pdftex.def)             Requested size: 441.01773pt x 234.65352pt.
 [30 <./images/theory/theory_trackmania_a01_human_times.pdf>] [31]
<images/theory/theory_bunny_mesh_overview.pdf, id=951, 586.56035pt x 303.67854p
t>
File: images/theory/theory_bunny_mesh_overview.pdf Graphic file (type pdf)
<use images/theory/theory_bunny_mesh_overview.pdf>
Package pdftex.def Info: images/theory/theory_bunny_mesh_overview.pdf  used on 
input line 582.
(pdftex.def)             Requested size: 441.01773pt x 228.33755pt.
<images/theory/theory_mesh_raycasting_detail.pdf, id=955, 496.13354pt x 293.828
14pt>
File: images/theory/theory_mesh_raycasting_detail.pdf Graphic file (type pdf)
<use images/theory/theory_mesh_raycasting_detail.pdf>
Package pdftex.def Info: images/theory/theory_mesh_raycasting_detail.pdf  used 
on input line 598.
(pdftex.def)             Requested size: 361.63776pt x 214.17444pt.
 [32 <./images/theory/theory_bunny_mesh_overview.pdf>]) (./chapters/05_suvisiac
e_prace.tex [33 <./images/theory/theory_mesh_raycasting_detail.pdf>] [34

]
Kapitola 2.
[35] [36] [37] [38] [39] [40]) (./chapters/06_navrh_riesenia.tex [41] [42

]
Kapitola 3.
<images/solution_proposal/solution_dataflow_loop.pdf, id=1082, 745.10371pt x 21
7.24362pt>
File: images/solution_proposal/solution_dataflow_loop.pdf Graphic file (type pd
f)
<use images/solution_proposal/solution_dataflow_loop.pdf>
Package pdftex.def Info: images/solution_proposal/solution_dataflow_loop.pdf  u
sed on input line 9.
(pdftex.def)             Requested size: 441.01773pt x 128.58366pt.
<images/solution_proposal/solution_game_agent_loop.pdf, id=1084, 585.74835pt x 
330.70622pt>
File: images/solution_proposal/solution_game_agent_loop.pdf Graphic file (type 
pdf)
<use images/solution_proposal/solution_game_agent_loop.pdf>
Package pdftex.def Info: images/solution_proposal/solution_game_agent_loop.pdf 
 used on input line 18.
(pdftex.def)             Requested size: 414.55774pt x 234.06126pt.
[43 <./images/solution_proposal/solution_dataflow_loop.pdf>] [44 <./images/solu
tion_proposal/solution_game_agent_loop.pdf>] [45]
Package hyperref Info: bookmark level for unknown lstlisting defaults to 0 on i
nput line 68.
 [46]
<images/solution_proposal/solution_blocks_editor_view.png, id=1225, 1325.70282p
t x 323.70938pt>
File: images/solution_proposal/solution_blocks_editor_view.png Graphic file (ty
pe png)
<use images/solution_proposal/solution_blocks_editor_view.png>
Package pdftex.def Info: images/solution_proposal/solution_blocks_editor_view.p
ng  used on input line 106.
(pdftex.def)             Requested size: 441.01773pt x 107.68387pt.
<images/solution_proposal/solution_game_map_overview.png, id=1229, 770.12718pt 
x 497.60907pt>
File: images/solution_proposal/solution_game_map_overview.png Graphic file (typ
e png)
<use images/solution_proposal/solution_game_map_overview.png>
Package pdftex.def Info: images/solution_proposal/solution_game_map_overview.pn
g  used on input line 115.
(pdftex.def)             Requested size: 361.63776pt x 233.66368pt.
<images/solution_proposal/solution_track_drive_preview.pdf, id=1230, 685.70448p
t x 499.8884pt>
File: images/solution_proposal/solution_track_drive_preview.pdf Graphic file (t
ype pdf)
<use images/solution_proposal/solution_track_drive_preview.pdf>
Package pdftex.def Info: images/solution_proposal/solution_track_drive_preview.
pdf  used on input line 122.
(pdftex.def)             Requested size: 379.27551pt x 276.50314pt.
<images/solution_proposal/solution_surface_blocks.png, id=1233, 1241.38782pt x 
352.31625pt>
File: images/solution_proposal/solution_surface_blocks.png Graphic file (type p
ng)
<use images/solution_proposal/solution_surface_blocks.png>
Package pdftex.def Info: images/solution_proposal/solution_surface_blocks.png  
used on input line 131.
(pdftex.def)             Requested size: 441.01773pt x 125.16183pt.
<images/solution_proposal/solution_height_blocks.png, id=1234, 1102.1175pt x 33
5.00156pt>
File: images/solution_proposal/solution_height_blocks.png Graphic file (type pn
g)
<use images/solution_proposal/solution_height_blocks.png>
Package pdftex.def Info: images/solution_proposal/solution_height_blocks.png  u
sed on input line 133.
(pdftex.def)             Requested size: 441.01773pt x 134.05447pt.
 [47 <./images/solution_proposal/solution_blocks_editor_view.png>] [48 <./image
s/solution_proposal/solution_game_map_overview.png> <./images/solution_proposal
/solution_track_drive_preview.pdf>]
<images/solution_proposal/mesh_straight.png, id=1295, 602.25pt x 361.35pt>
File: images/solution_proposal/mesh_straight.png Graphic file (type png)
<use images/solution_proposal/mesh_straight.png>
Package pdftex.def Info: images/solution_proposal/mesh_straight.png  used on in
put line 144.
(pdftex.def)             Requested size: 211.68661pt x 127.01474pt.
<images/solution_proposal/mesh_curve.png, id=1296, 1204.5pt x 722.7pt>
File: images/solution_proposal/mesh_curve.png Graphic file (type png)
<use images/solution_proposal/mesh_curve.png>
Package pdftex.def Info: images/solution_proposal/mesh_curve.png  used on input
 line 149.
(pdftex.def)             Requested size: 211.68661pt x 127.00371pt.
<images/solution_proposal/map_mesh.png, id=1298, 1044.90375pt x 568.37344pt>
File: images/solution_proposal/map_mesh.png Graphic file (type png)
<use images/solution_proposal/map_mesh.png>
Package pdftex.def Info: images/solution_proposal/map_mesh.png  used on input l
ine 159.
(pdftex.def)             Requested size: 405.7355pt x 220.70209pt.
 [49 <./images/solution_proposal/solution_surface_blocks.png> <./images/solutio
n_proposal/solution_height_blocks.png> <./images/solution_proposal/mesh_straigh
t.png> <./images/solution_proposal/mesh_curve.png>] [50 <./images/solution_prop
osal/map_mesh.png>]
<images/solution_proposal/solution_observation_from_geometry.pdf, id=1315, 499.
53024pt x 245.25545pt>
File: images/solution_proposal/solution_observation_from_geometry.pdf Graphic f
ile (type pdf)
<use images/solution_proposal/solution_observation_from_geometry.pdf>
Package pdftex.def Info: images/solution_proposal/solution_observation_from_geo
metry.pdf  used on input line 218.
(pdftex.def)             Requested size: 441.01773pt x 216.53648pt.
 [51]
<images/solution_proposal/solution_game_vs_agent_view.png, id=1322, 894.9435pt 
x 264.5885pt>
File: images/solution_proposal/solution_game_vs_agent_view.png Graphic file (ty
pe png)
<use images/solution_proposal/solution_game_vs_agent_view.png>
Package pdftex.def Info: images/solution_proposal/solution_game_vs_agent_view.p
ng  used on input line 229.
(pdftex.def)             Requested size: 441.01773pt x 130.38428pt.
 [52{c:/texlive/2026/texmf-dist/fonts/enc/dvips/cm-super/cm-super-ts1.enc} <./i
mages/solution_proposal/solution_observation_from_geometry.pdf>] [53 <./images/
solution_proposal/solution_game_vs_agent_view.png>]
Overfull \hbox (0.96732pt too wide) in paragraph at lines 264--265
[]\T1/cmr/m/n/12 V im-ple-men-tá-cii tomu zod-po-vedá sku-pina prí-zna-kov typu
 \T1/cmtt/m/n/12 surface_instruction_i\T1/cmr/m/n/12 .
 []

<images/solution_proposal/solution_height_raycast_profile.pdf, id=1384, 432.956
91pt x 316.23473pt>
File: images/solution_proposal/solution_height_raycast_profile.pdf Graphic file
 (type pdf)
<use images/solution_proposal/solution_height_raycast_profile.pdf>
Package pdftex.def Info: images/solution_proposal/solution_height_raycast_profi
le.pdf  used on input line 273.
(pdftex.def)             Requested size: 405.7355pt x 296.36316pt.
[54] [55 <./images/solution_proposal/solution_height_raycast_profile.pdf>]
[56]
<images/solution_proposal/solution_keyboard_vs_controller.png, id=1446, 1327.96
124pt x 379.4175pt>
File: images/solution_proposal/solution_keyboard_vs_controller.png Graphic file
 (type png)
<use images/solution_proposal/solution_keyboard_vs_controller.png>
Package pdftex.def Info: images/solution_proposal/solution_keyboard_vs_controll
er.png  used on input line 336.
(pdftex.def)             Requested size: 441.01773pt x 126.00131pt.
 [57]) (./chapters/07_trening_policy.tex [58 <./images/solution_proposal/soluti
on_keyboard_vs_controller.png>] [59] [60

]
Kapitola 4.
[61] [62]
<images/training_policy/supervised_architecture_training_curves_all.pdf, id=147
9, 802.91772pt x 358.49133pt>
File: images/training_policy/supervised_architecture_training_curves_all.pdf Gr
aphic file (type pdf)
<use images/training_policy/supervised_architecture_training_curves_all.pdf>
Package pdftex.def Info: images/training_policy/supervised_architecture_trainin
g_curves_all.pdf  used on input line 61.
(pdftex.def)             Requested size: 441.01773pt x 196.90826pt.
<images/training_policy/supervised_architecture_training_curves_practical.pdf, 
id=1481, 599.5113pt x 323.54626pt>
File: images/training_policy/supervised_architecture_training_curves_practical.
pdf Graphic file (type pdf)
<use images/training_policy/supervised_architecture_training_curves_practical.p
df>
Package pdftex.def Info: images/training_policy/supervised_architecture_trainin
g_curves_practical.pdf  used on input line 70.
(pdftex.def)             Requested size: 405.7355pt x 218.97179pt.
<images/training_policy/supervised_architecture_val_loss_vs_params.pdf, id=1483
, 585.14986pt x 321.60136pt>
File: images/training_policy/supervised_architecture_val_loss_vs_params.pdf Gra
phic file (type pdf)
<use images/training_policy/supervised_architecture_val_loss_vs_params.pdf>
Package pdftex.def Info: images/training_policy/supervised_architecture_val_los
s_vs_params.pdf  used on input line 79.
(pdftex.def)             Requested size: 441.01773pt x 242.39288pt.
 [63 <./images/training_policy/supervised_architecture_training_curves_all.pdf>
] [64 <./images/training_policy/supervised_architecture_training_curves_practic
al.pdf> <./images/training_policy/supervised_architecture_val_loss_vs_params.pd
f>]
<images/training_policy/supervised_behavior_cloning_teacher_agent_paths.pdf, id
=1647, 790.27423pt x 494.97083pt>
File: images/training_policy/supervised_behavior_cloning_teacher_agent_paths.pd
f Graphic file (type pdf)
<use images/training_policy/supervised_behavior_cloning_teacher_agent_paths.pdf
>
Package pdftex.def Info: images/training_policy/supervised_behavior_cloning_tea
cher_agent_paths.pdf  used on input line 118.
(pdftex.def)             Requested size: 441.01773pt x 276.22258pt.
 [65] [66 <./images/training_policy/supervised_behavior_cloning_teacher_agent_p
aths.pdf>]
<images/training_policy/supervised_behavior_cloning_butterfly_p04_left_120.pdf,
 id=1711, 869.47699pt x 510.80034pt>
File: images/training_policy/supervised_behavior_cloning_butterfly_p04_left_120
.pdf Graphic file (type pdf)
<use images/training_policy/supervised_behavior_cloning_butterfly_p04_left_120.
pdf>
Package pdftex.def Info: images/training_policy/supervised_behavior_cloning_but
terfly_p04_left_120.pdf  used on input line 133.
(pdftex.def)             Requested size: 441.01773pt x 259.08617pt.
 [67 <./images/training_policy/supervised_behavior_cloning_butterfly_p04_left_1
20.pdf>] [68]) (./chapters/08_vyhodnotenie_agenta.tex
[69] [70

]
Kapitola 5.
) (./chapters/09_zaver.tex [71] [72

]) [73] [74

] (./main.bbl [75


]
Underfull \hbox (badness 1082) in paragraph at lines 104--108
[]\T1/cmr/m/n/12 Edward N. Lo-renz.  De-ter-mi-nis-tic non-pe-ri-odic flow.  \T
1/cmr/m/it/12 Jour-nal of the At-
 []

[76]
Underfull \hbox (badness 3547) in paragraph at lines 151--155
[]\T1/cmr/m/n/12 Dean A. Po-mer-leau.  Al-vinn: An au-to-no-mous land ve-hicle 
in a ne-
 []


Underfull \hbox (badness 2012) in paragraph at lines 151--155
\T1/cmr/m/n/12 lume 1, 1989.  Do-stupne z: []$\T1/cmtt/m/n/12 https : / / paper
s . nips . cc / paper / 1988 / hash /
 []

[77]
Underfull \hbox (badness 5217) in paragraph at lines 200--204
\T1/cmr/m/n/12 Sour-ces. Do-stupne z: []$\T1/cmtt/m/n/12 https : / / www . game
aipro . com / GameAIPro / GameAIPro _
 []


Underfull \hbox (badness 10000) in paragraph at lines 200--204
\T1/cmtt/m/n/12 Chapter39 _ Representing _ and _ Driving _ a _ Race _ Track _ f
or _ AI _ Controlled _
 []

[78]) (./appendices/appendix_a_elektronicka_priloha.tex [79] [80

]) [81]
(./main.aux)
 ***********
LaTeX2e <2025-11-01>
L3 programming layer <2026-03-20>
 ***********
Package rerunfilecheck Info: File `main.out' has not changed.
(rerunfilecheck)             Checksum: B9C5B98D51869FFDCFE4F81AF2A51BEE;10811.
 ) 
Here is how much of TeX's memory you used:
 15777 strings out of 467349
 252743 string characters out of 5419862
 717268 words of memory out of 5000000
 44249 multiletter control sequences out of 15000+600000
 651149 words of font info for 98 fonts, out of 8000000 for 9000
 1141 hyphenation exceptions out of 8191
 80i,17n,82p,1153b,2082s stack positions out of 10000i,1000n,20000p,200000b,200000s
<c:/texlive/2026/texmf-dist/fonts/type1/public/amsfonts/cm/cmbx12.pfb><c:/tex
live/2026/texmf-dist/fonts/type1/public/amsfonts/cm/cmex10.pfb><c:/texlive/2026
/texmf-dist/fonts/type1/public/amsfonts/cm/cmmi10.pfb><c:/texlive/2026/texmf-di
st/fonts/type1/public/amsfonts/cm/cmmi12.pfb><c:/texlive/2026/texmf-dist/fonts/
type1/public/amsfonts/cm/cmmi6.pfb><c:/texlive/2026/texmf-dist/fonts/type1/publ
ic/amsfonts/cm/cmmi8.pfb><c:/texlive/2026/texmf-dist/fonts/type1/public/amsfont
s/cm/cmmib10.pfb><c:/texlive/2026/texmf-dist/fonts/type1/public/amsfonts/cm/cmr
10.pfb><c:/texlive/2026/texmf-dist/fonts/type1/public/amsfonts/cm/cmr12.pfb><c:
/texlive/2026/texmf-dist/fonts/type1/public/amsfonts/cm/cmr8.pfb><c:/texlive/20
26/texmf-dist/fonts/type1/public/amsfonts/cm/cmsy10.pfb><c:/texlive/2026/texmf-
dist/fonts/type1/public/amsfonts/cm/cmsy8.pfb><c:/texlive/2026/texmf-dist/fonts
/type1/public/amsfonts/symbols/msbm10.pfb><c:/texlive/2026/texmf-dist/fonts/typ
e1/public/cm-super/sfbx0800.pfb><c:/texlive/2026/texmf-dist/fonts/type1/public/
cm-super/sfbx1200.pfb><c:/texlive/2026/texmf-dist/fonts/type1/public/cm-super/s
fbx1728.pfb><c:/texlive/2026/texmf-dist/fonts/type1/public/cm-super/sfbx2488.pf
b><c:/texlive/2026/texmf-dist/fonts/type1/public/cm-super/sfcc1440.pfb><c:/texl
ive/2026/texmf-dist/fonts/type1/public/cm-super/sfcc2074.pfb><c:/texlive/2026/t
exmf-dist/fonts/type1/public/cm-super/sfit1200.pfb><c:/texlive/2026/texmf-dist/
fonts/type1/public/cm-super/sfrm0800.pfb><c:/texlive/2026/texmf-dist/fonts/type
1/public/cm-super/sfrm1095.pfb><c:/texlive/2026/texmf-dist/fonts/type1/public/c
m-super/sfrm1200.pfb><c:/texlive/2026/texmf-dist/fonts/type1/public/cm-super/sf
sl1200.pfb><c:/texlive/2026/texmf-dist/fonts/type1/public/cm-super/sfti0800.pfb
><c:/texlive/2026/texmf-dist/fonts/type1/public/cm-super/sfti1200.pfb><c:/texli
ve/2026/texmf-dist/fonts/type1/public/cm-super/sftt1095.pfb><c:/texlive/2026/te
xmf-dist/fonts/type1/public/cm-super/sftt1200.pfb>
Output written on main.pdf (95 pages, 8313085 bytes).
PDF statistics:
 2057 PDF objects out of 2073 (max. 8388607)
 1340 compressed objects within 14 object streams
 340 named destinations out of 1000 (max. 500000)
 584 words of extra memory for PDF output out of 10000 (max. 10000000)

