\BOOKMARK [0][-]{chapter*.8}{\376\377\000\332\000v\000o\000d}{}% 1
\BOOKMARK [0][-]{chapter.1}{\376\377\000T\000e\000o\000r\000e\000t\000i\000c\000k\000\351\000\040\000v\000\375\000c\000h\000o\000d\000i\000s\000k\000\341}{}% 2
\BOOKMARK [1][-]{section.1.1}{\376\377\000U\000m\000e\000l\000\341\000\040\000i\000n\000t\000e\000l\000i\000g\000e\000n\000c\000i\000a\000\040\000a\000\040\000a\000u\000t\000o\000n\000\363\000m\000n\000e\000\040\000r\000o\000z\000h\000o\000d\000o\000v\000a\000n\000i\000e}{chapter.1}% 3
\BOOKMARK [1][-]{section.1.2}{\376\377\000A\000g\000e\000n\000t\000,\000\040\000p\000r\000o\000s\000t\000r\000e\000d\000i\000e\000\040\000a\000\040\000p\000o\000l\000i\000t\000i\000k\000a\000\040\000s\000p\000r\000\341\000v\000a\000n\000i\000a\000\040\000s\000a\000\040\000a\000g\000e\000n\000t\000a}{chapter.1}% 4
\BOOKMARK [1][-]{section.1.3}{\376\377\000H\000o\000d\000n\000o\000t\000e\000n\000i\000e\000\040\000s\000p\000r\000\341\000v\000a\000n\000i\000a\000\040\000a\000g\000e\000n\000t\000a}{chapter.1}% 5
\BOOKMARK [1][-]{section.1.4}{\376\377\000N\000e\000u\000r\000\363\000n\000o\000v\000\351\000\040\000s\000i\000e\000t\000e\000\040\000a\000k\000o\000\040\000a\000p\000r\000o\000x\000i\000m\000\341\000t\000o\000r\000y\000\040\000f\000u\000n\000k\000c\000i\000\355}{chapter.1}% 6
\BOOKMARK [1][-]{section.1.5}{\376\377\000T\000e\000c\000h\000n\000i\000k\000y\000\040\000s\000t\000r\000o\000j\000o\000v\000\351\000h\000o\000\040\000u\001\015\000e\000n\000i\000a}{chapter.1}% 7
\BOOKMARK [1][-]{section.1.6}{\376\377\000U\001\015\000e\000n\000i\000e\000\040\000p\000o\000s\000i\000l\001\110\000o\000v\000a\000n\000\355\000m}{chapter.1}% 8
\BOOKMARK [1][-]{section.1.7}{\376\377\000G\000e\000n\000e\000t\000i\000c\000k\000\351\000\040\000a\000l\000g\000o\000r\000i\000t\000m\000y\000\040\000a\000\040\000n\000e\000u\000r\000o\000e\000v\000o\000l\000\372\000c\000i\000a}{chapter.1}% 9
\BOOKMARK [1][-]{section.1.8}{\376\377\000V\000i\000a\000c\000k\000r\000i\000t\000e\000r\000i\000\341\000l\000n\000a\000\040\000o\000p\000t\000i\000m\000a\000l\000i\000z\000\341\000c\000i\000a}{chapter.1}% 10
\BOOKMARK [1][-]{section.1.9}{\376\377\000S\000i\000m\000u\000l\000\341\000c\000i\000e\000\040\000a\000\040\000v\000i\000r\000t\000u\000\341\000l\000n\000e\000\040\000p\000r\000o\000s\000t\000r\000e\000d\000i\000a}{chapter.1}% 11
\BOOKMARK [1][-]{section.1.10}{\376\377\000T\000r\000a\000c\000k\000m\000a\000n\000i\000a\000\040\000a\000k\000o\000\040\000p\000r\000o\000s\000t\000r\000e\000d\000i\000e\000\040\000p\000r\000e\000\040\000a\000g\000e\000n\000t\000a}{chapter.1}% 12
\BOOKMARK [1][-]{section.1.11}{\376\377\000Z\000\341\000k\000l\000a\000d\000n\000\351\000\040\000p\000o\000j\000m\000y\000\040\000r\000i\000a\000d\000e\000n\000i\000a\000\040\000v\000o\000z\000i\000d\000l\000a\000\040\000a\000\040\000p\000r\000e\000t\000e\000k\000\341\000r\000s\000k\000e\000j\000\040\000j\000a\000z\000d\000y}{chapter.1}% 13
\BOOKMARK [1][-]{section.1.12}{\376\377\000Z\000\341\000k\000l\000a\000d\000y\000\040\000p\000o\001\015\000\355\000t\000a\001\015\000o\000v\000e\000j\000\040\000g\000r\000a\000f\000i\000k\000y\000\040\000p\000r\000e\000\040\000v\000i\000r\000t\000u\000\341\000l\000n\000e\000\040\000s\000e\000n\000z\000o\000r\000y}{chapter.1}% 14
\BOOKMARK [0][-]{chapter.2}{\376\377\000S\000\372\000v\000i\000s\000i\000a\000c\000e\000\040\000p\000r\000\341\000c\000e}{}% 15
\BOOKMARK [1][-]{section.2.1}{\376\377\000U\000m\000e\000l\000\341\000\040\000i\000n\000t\000e\000l\000i\000g\000e\000n\000c\000i\000a\000\040\000v\000\040\000h\000r\000\341\000c\000h\000:\000\040\000o\000d\000\040\000p\000r\000a\000v\000i\000d\000i\000e\000l\000\040\000k\000\040\000u\001\015\000e\000n\000i\000u}{chapter.2}% 16
\BOOKMARK [1][-]{section.2.2}{\376\377\000R\000e\000p\000r\000e\000z\000e\000n\000t\000\341\000c\000i\000a\000\040\000v\000o\000d\000i\001\015\000a\000\040\000a\000\040\000s\000v\000e\000t\000a\000\040\000v\000\040\000p\000r\000e\000t\000e\000k\000\341\000r\000s\000k\000y\000c\000h\000\040\000\372\000l\000o\000h\000\341\000c\000h}{chapter.2}% 17
\BOOKMARK [1][-]{section.2.3}{\376\377\000A\000u\000t\000o\000n\000\363\000m\000n\000e\000\040\000p\000r\000e\000t\000e\000k\000a\000n\000i\000e\000\040\000v\000\040\000s\000i\000m\000u\000l\000\341\000t\000o\000r\000o\000c\000h}{chapter.2}% 18
\BOOKMARK [1][-]{section.2.4}{\376\377\000G\000r\000a\000n\000\040\000T\000u\000r\000i\000s\000m\000o\000\040\000S\000o\000p\000h\000y}{chapter.2}% 19
\BOOKMARK [1][-]{section.2.5}{\376\377\000T\000r\000a\000c\000k\000m\000a\000n\000i\000a\000\040\000a\000\040\000e\000x\000i\000s\000t\000u\000j\000\372\000c\000e\000\040\000A\000I\000\040\000p\000r\000\355\000s\000t\000u\000p\000y}{chapter.2}% 20
\BOOKMARK [1][-]{section.2.6}{\376\377\000P\000r\000o\000b\000l\000\351\000m\000y\000\040\000e\000x\000i\000s\000t\000u\000j\000\372\000c\000i\000c\000h\000\040\000p\000r\000\355\000s\000t\000u\000p\000o\000v}{chapter.2}% 21
\BOOKMARK [1][-]{section.2.7}{\376\377\000Z\000h\000r\000n\000u\000t\000i\000e\000\040\000p\000r\000e\000\040\000n\000a\001\141\000u\000\040\000\372\000l\000o\000h\000u}{chapter.2}% 22
\BOOKMARK [0][-]{chapter.3}{\376\377\000N\000\341\000v\000r\000h\000\040\000r\000e\000p\000r\000e\000z\000e\000n\000t\000\341\000c\000i\000e\000\040\000p\000r\000o\000s\000t\000r\000e\000d\000i\000a}{}% 23
\BOOKMARK [1][-]{section.3.1}{\376\377\000N\000a\000d\000v\000i\000a\000z\000a\000n\000i\000e\000\040\000n\000a\000\040\000b\000a\000k\000a\000l\000\341\000r\000s\000k\000u\000\040\000p\000r\000\341\000c\000u}{chapter.3}% 24
\BOOKMARK [1][-]{section.3.2}{\376\377\000P\000r\000e\001\015\000o\000\040\000n\000e\000p\000o\000u\001\176\000i\001\145\000\040\000o\000b\000r\000a\000z\000\040\000a\000k\000o\000\040\000h\000l\000a\000v\000n\000\375\000\040\000v\000s\000t\000u\000p}{chapter.3}% 25
\BOOKMARK [1][-]{section.3.3}{\376\377\000Z\000\355\000s\000k\000a\000n\000i\000e\000\040\000s\000t\000a\000v\000u\000\040\000z\000\040\000T\000r\000a\000c\000k\000m\000a\000n\000i\000e}{chapter.3}% 26
\BOOKMARK [1][-]{section.3.4}{\376\377\000R\000e\000k\000o\000n\001\141\000t\000r\000u\000k\000c\000i\000a\000\040\000v\000i\000r\000t\000u\000\341\000l\000n\000e\000h\000o\000\040\000s\000v\000e\000t\000a}{chapter.3}% 27
\BOOKMARK [1][-]{section.3.5}{\376\377\000G\000e\000o\000m\000e\000t\000r\000i\000c\000k\000\351\000\040\000v\000n\000\355\000m\000a\000n\000i\000e\000\040\000p\000r\000o\000s\000t\000r\000e\000d\000i\000a}{chapter.3}% 28
\BOOKMARK [1][-]{section.3.6}{\376\377\000V\000e\000k\000t\000o\000r\000\040\000p\000o\000z\000o\000r\000o\000v\000a\000n\000i\000a}{chapter.3}% 29
\BOOKMARK [1][-]{section.3.7}{\376\377\000A\000k\001\015\000n\000\375\000\040\000p\000r\000i\000e\000s\000t\000o\000r}{chapter.3}% 30
\BOOKMARK [1][-]{section.3.8}{\376\377\000R\000o\000z\000h\000o\000d\000o\000v\000a\000c\000\355\000\040\000c\000y\000k\000l\000u\000s\000\040\000a\000g\000e\000n\000t\000a}{chapter.3}% 31
\BOOKMARK [1][-]{section.3.9}{\376\377\000Z\000h\000r\000n\000u\000t\000i\000e\000\040\000n\000\341\000v\000r\000h\000u}{chapter.3}% 32
\BOOKMARK [0][-]{chapter.4}{\376\377\000H\001\076\000a\000d\000a\000n\000i\000e\000\040\000p\000o\000l\000i\000t\000i\000k\000y\000\040\000s\000p\000r\000\341\000v\000a\000n\000i\000a}{}% 33
\BOOKMARK [1][-]{section.4.1}{\376\377\000P\000r\000o\000b\000l\000\351\000m\000:\000\040\000h\001\076\000a\000d\000\341\000m\000e\000\040\000p\000o\000l\000i\000t\000i\000k\000u\000\040\000s\000p\000r\000\341\000v\000a\000n\000i\000a}{chapter.4}% 34
\BOOKMARK [1][-]{section.4.2}{\376\377\000V\000\375\000b\000e\000r\000\040\000a\000r\000c\000h\000i\000t\000e\000k\000t\000\372\000r\000y\000\040\000n\000e\000u\000r\000\363\000n\000o\000v\000e\000j\000\040\000s\000i\000e\000t\000e}{chapter.4}% 35
\BOOKMARK [1][-]{section.4.3}{\376\377\000U\001\015\000e\000n\000i\000e\000\040\000s\000\040\000u\001\015\000i\000t\000e\001\076\000o\000m\000\040\000a\000k\000o\000\040\000t\000e\000s\000t\000\040\000k\000a\000p\000a\000c\000i\000t\000y\000\040\000s\000i\000e\000t\000e}{chapter.4}% 36
\BOOKMARK [1][-]{section.4.4}{\376\377\000B\000e\000h\000a\000v\000i\000o\000r\000\341\000l\000n\000e\000\040\000k\000l\000o\000n\000o\000v\000a\000n\000i\000e\000\040\000a\000\040\000m\000o\000t\000\375\000l\000\355\000\040\000e\000f\000e\000k\000t}{chapter.4}% 37
\BOOKMARK [1][-]{section.4.5}{\376\377\000U\001\015\000e\000n\000i\000e\000\040\000n\000a\000p\000o\000d\000o\000b\001\110\000o\000v\000a\000n\000\355\000m\000\040\000a\000k\000o\000\040\000k\000o\000r\000e\000k\000c\000i\000a\000\040\000k\000l\000o\000n\000o\000v\000a\000n\000i\000a}{chapter.4}% 38
\BOOKMARK [1][-]{section.4.6}{\376\377\000L\000i\000m\000i\000t\000y\000\040\000n\000a\000p\000o\000d\000o\000b\001\110\000o\000v\000a\000n\000i\000a}{chapter.4}% 39
\BOOKMARK [1][-]{section.4.7}{\376\377\000O\000d\000\040\000n\000a\000p\000o\000d\000o\000b\001\110\000o\000v\000a\000n\000i\000a\000\040\000k\000\040\000h\000o\000d\000n\000o\000t\000e\000n\000i\000u\000\040\000s\000p\000r\000\341\000v\000a\000n\000i\000a}{chapter.4}% 40
\BOOKMARK [1][-]{section.4.8}{\376\377\000P\000o\000s\000t\000u\000p\000n\000\351\000\040\000s\000k\000l\000a\000d\000a\000n\000i\000e\000\040\000l\000e\000x\000i\000k\000o\000g\000r\000a\000f\000i\000c\000k\000e\000j\000\040\000r\000a\000n\000k\000i\000n\000g\000\040\000f\000u\000n\000k\000c\000i\000e}{chapter.4}% 41
\BOOKMARK [2][-]{subsection.4.8.1}{\376\377\000F\000i\000n\000i\000s\000h\000\040\000a\000\040\000p\000r\000o\000g\000r\000e\000s\000s}{section.4.8}% 42
\BOOKMARK [2][-]{subsection.4.8.2}{\376\377\000P\000r\000i\000d\000a\000n\000i\000e\000\040\001\015\000a\000s\000u}{section.4.8}% 43
\BOOKMARK [2][-]{subsection.4.8.3}{\376\377\000P\000r\000i\000d\000a\000n\000i\000e\000\040\000c\000r\000a\000s\000h\000\040\000m\000e\000t\000r\000i\000k\000y}{section.4.8}% 44
\BOOKMARK [1][-]{section.4.9}{\376\377\000K\000o\000n\000t\000r\000o\000l\000n\000\375\000\040\000n\000\341\000v\000r\000a\000t\000\040\000k\000\040\000u\001\015\000e\000n\000i\000u\000\040\000p\000o\000s\000i\000l\001\110\000o\000v\000a\000n\000\355\000m}{chapter.4}% 45
\BOOKMARK [1][-]{section.4.10}{\376\377\000K\000o\000n\000f\000l\000i\000k\000t\000\040\000c\000i\000e\001\076\000o\000v\000\040\000a\000\040\000P\000a\000r\000e\000t\000o\000/\000N\000S\000G\000A\000-\000I\000I}{chapter.4}% 46
\BOOKMARK [1][-]{section.4.11}{\376\377\000H\000y\000p\000e\000r\000p\000a\000r\000a\000m\000e\000t\000r\000e\000\040\000g\000e\000n\000e\000t\000i\000c\000k\000\351\000h\000o\000\040\000a\000l\000g\000o\000r\000i\000t\000m\000u}{chapter.4}% 47
\BOOKMARK [1][-]{section.4.12}{\376\377\000T\000r\000\351\000n\000i\000n\000g\000o\000v\000\351\000\040\000v\000y\000l\000e\000p\001\141\000e\000n\000i\000a}{chapter.4}% 48
\BOOKMARK [2][-]{subsection.4.12.1}{\376\377\000Z\000r\000k\000a\000d\000l\000e\000n\000i\000e}{section.4.12}% 49
\BOOKMARK [2][-]{subsection.4.12.2}{\376\377\000V\000y\000r\000o\000v\000n\000\341\000v\000a\000c\000i\000a\000\040\000p\000a\000m\000\344\001\145\000\040\000e\000l\000i\000t\000y}{section.4.12}% 50
\BOOKMARK [2][-]{subsection.4.12.3}{\376\377\000P\000o\000k\000l\000e\000s\000\040\000m\000u\000t\000\341\000c\000i\000e}{section.4.12}% 51
\BOOKMARK [2][-]{subsection.4.12.4}{\376\377\000V\000i\000a\000c\000\040\000d\000o\000t\000y\000k\000o\000v\000\040\000a\000\040\000p\000o\001\015\000e\000t\000\040\000n\000\341\000r\000a\000z\000o\000v}{section.4.12}% 52
\BOOKMARK [2][-]{subsection.4.12.5}{\376\377\000S\000u\000p\000e\000r\000v\000i\000s\000e\000d\000-\000s\000e\000e\000d\000e\000d\000\040\000G\000A}{section.4.12}% 53
\BOOKMARK [1][-]{section.4.13}{\376\377\000Z\000l\000o\001\176\000e\000n\000i\000e\000\040\000n\000a\000j\000l\000e\000p\001\141\000i\000e\000h\000o\000\040\0002\000D\000\040\000a\000s\000f\000a\000l\000t\000o\000v\000\351\000h\000o\000\040\000a\000g\000e\000n\000t\000a}{chapter.4}% 54
\BOOKMARK [1][-]{section.4.14}{\376\377\000V\000\375\001\141\000k\000o\000v\000\351\000\040\000r\000o\000z\000d\000i\000e\000l\000y}{chapter.4}% 55
\BOOKMARK [1][-]{section.4.15}{\376\377\000R\000\364\000z\000n\000e\000\040\000p\000o\000v\000r\000c\000h\000y}{chapter.4}% 56
\BOOKMARK [0][-]{chapter.5}{\376\377\000V\000y\000h\000o\000d\000n\000o\000t\000e\000n\000i\000e\000\040\000v\000\375\000s\000l\000e\000d\000n\000\351\000h\000o\000\040\000a\000g\000e\000n\000t\000a}{}% 57
\BOOKMARK [1][-]{section.5.1}{\376\377\000C\000i\000e\001\076\000\040\000f\000i\000n\000\341\000l\000n\000e\000h\000o\000\040\000v\000y\000h\000o\000d\000n\000o\000t\000e\000n\000i\000a}{chapter.5}% 58
\BOOKMARK [1][-]{section.5.2}{\376\377\000V\000\375\000b\000e\000r\000\040\000a\000g\000e\000n\000t\000o\000v\000\040\000n\000a\000\040\000p\000o\000r\000o\000v\000n\000a\000n\000i\000e}{chapter.5}% 59
\BOOKMARK [1][-]{section.5.3}{\376\377\000V\000\375\000b\000e\000r\000\040\000t\000e\000s\000t\000o\000v\000a\000c\000\355\000c\000h\000\040\000t\000r\000a\000t\000\355}{chapter.5}% 60
\BOOKMARK [1][-]{section.5.4}{\376\377\000M\000e\000t\000r\000i\000k\000y\000\040\000f\000i\000n\000\341\000l\000n\000e\000h\000o\000\040\000h\000o\000d\000n\000o\000t\000e\000n\000i\000a}{chapter.5}% 61
\BOOKMARK [1][-]{section.5.5}{\376\377\000T\000r\000a\000j\000e\000k\000t\000\363\000r\000i\000e\000\040\000a\000\040\000s\000p\000r\000\341\000v\000a\000n\000i\000e\000\040\000n\000a\000\040\000m\000a\000p\000e}{chapter.5}% 62
\BOOKMARK [1][-]{section.5.6}{\376\377\000V\000y\000h\000o\000d\000n\000o\000t\000e\000n\000i\000e\000\040\000g\000e\000n\000e\000r\000a\000l\000i\000z\000\341\000c\000i\000e}{chapter.5}% 63
\BOOKMARK [1][-]{section.5.7}{\376\377\000V\000y\000h\000o\000d\000n\000o\000t\000e\000n\000i\000e\000\040\000v\000\375\001\141\000k\000o\000v\000\375\000c\000h\000\040\000r\000o\000z\000d\000i\000e\000l\000o\000v}{chapter.5}% 64
\BOOKMARK [1][-]{section.5.8}{\376\377\000V\000y\000h\000o\000d\000n\000o\000t\000e\000n\000i\000e\000\040\000r\000\364\000z\000n\000y\000c\000h\000\040\000p\000o\000v\000r\000c\000h\000o\000v}{chapter.5}% 65
\BOOKMARK [1][-]{section.5.9}{\376\377\001\014\000a\000s\000o\000v\000\351\000\040\000p\000o\000r\000o\000v\000n\000a\000n\000i\000e}{chapter.5}% 66
\BOOKMARK [1][-]{section.5.10}{\376\377\000D\000i\000s\000k\000u\000s\000i\000a\000\040\000s\000p\000r\000\341\000v\000a\000n\000i\000a\000\040\000a\000g\000e\000n\000t\000a}{chapter.5}% 67
\BOOKMARK [1][-]{section.5.11}{\376\377\000P\000r\000e\000c\000h\000o\000d\000\040\000d\000o\000\040\000z\000\341\000v\000e\000r\000u}{chapter.5}% 68
\BOOKMARK [0][-]{chapter*.65}{\376\377\000Z\000\341\000v\000e\000r}{}% 69
\BOOKMARK [0][-]{chapter*.71}{\376\377\000P\000r\000\355\000l\000o\000h\000a\000\040\000A}{}% 70
