This is pdfTeX, Version 3.141592653-2.6-1.40.29 (TeX Live 2026) (preloaded format=pdflatex 2026.4.27)  7 MAY 2026 02:29
entering extended mode
 restricted \write18 enabled.
 file:line:error style messages enabled.
 %&-line parsing enabled.
**"c:/Users/sampu/Desktop/Trackmania-BC/BakalĂˇrska prĂˇca/latex project/main.tex"
(c:/Users/sampu/Desktop/Trackmania-BC/BakalĂˇrska prĂˇca/latex project/main.tex
LaTeX2e <2025-11-01>
L3 programming layer <2026-03-20>
(c:/texlive/2026/texmf-dist/tex/latex/base/book.cls
Document Class: book 2025/01/22 v1.4n Standard LaTeX document class
(c:/texlive/2026/texmf-dist/tex/latex/base/bk12.clo
File: bk12.clo 2025/01/22 v1.4n Standard LaTeX file (size option)
)
\c@part=\count275
\c@chapter=\count276
\c@section=\count277
\c@subsection=\count278
\c@subsubsection=\count279
\c@paragraph=\count280
\c@subparagraph=\count281
\c@figure=\count282
\c@table=\count283
\abovecaptionskip=\skip49
\belowcaptionskip=\skip50
\bibindent=\dimen150
) (c:/texlive/2026/texmf-dist/tex/latex/geometry/geometry.sty
Package: geometry 2026/03/07 v6.0 Page Geometry
 (c:/texlive/2026/texmf-dist/tex/latex/graphics/keyval.sty
Package: keyval 2022/05/29 v1.15 key=value parser (DPC)
\KV@toks@=\toks17
) (c:/texlive/2026/texmf-dist/tex/generic/iftex/ifvtex.sty
Package: ifvtex 2019/10/25 v1.7 ifvtex legacy package. Use iftex instead.
 (c:/texlive/2026/texmf-dist/tex/generic/iftex/iftex.sty
Package: iftex 2024/12/12 v1.0g TeX engine tests
))
\Gm@cnth=\count284
\Gm@cntv=\count285
\c@Gm@tempcnt=\count286
\Gm@bindingoffset=\dimen151
\Gm@wd@mp=\dimen152
\Gm@odd@mp=\dimen153
\Gm@even@mp=\dimen154
\Gm@layoutwidth=\dimen155
\Gm@layoutheight=\dimen156
\Gm@layouthoffset=\dimen157
\Gm@layoutvoffset=\dimen158
\Gm@dimlist=\toks18
) (c:/texlive/2026/texmf-dist/tex/latex/base/inputenc.sty
Package: inputenc 2024/02/08 v1.3d Input encoding file
\inpenc@prehook=\toks19
\inpenc@posthook=\toks20
) (c:/texlive/2026/texmf-dist/tex/latex/base/fontenc.sty
Package: fontenc 2025/07/18 v2.1d Standard LaTeX package
) (c:/texlive/2026/texmf-dist/tex/latex/amsmath/amsmath.sty
Package: amsmath 2025/07/09 v2.17z AMS math features
\@mathmargin=\skip51

For additional information on amsmath, use the `?' option.
(c:/texlive/2026/texmf-dist/tex/latex/amsmath/amstext.sty
Package: amstext 2024/11/17 v2.01 AMS text
 (c:/texlive/2026/texmf-dist/tex/latex/amsmath/amsgen.sty
File: amsgen.sty 1999/11/30 v2.0 generic functions
\@emptytoks=\toks21
\ex@=\dimen159
)) (c:/texlive/2026/texmf-dist/tex/latex/amsmath/amsbsy.sty
Package: amsbsy 1999/11/29 v1.2d Bold Symbols
\pmbraise@=\dimen160
) (c:/texlive/2026/texmf-dist/tex/latex/amsmath/amsopn.sty
Package: amsopn 2022/04/08 v2.04 operator names
)
\inf@bad=\count287
LaTeX Info: Redefining \frac on input line 233.
\uproot@=\count288
\leftroot@=\count289
LaTeX Info: Redefining \overline on input line 398.
LaTeX Info: Redefining \colon on input line 409.
\classnum@=\count290
\DOTSCASE@=\count291
LaTeX Info: Redefining \ldots on input line 495.
LaTeX Info: Redefining \dots on input line 498.
LaTeX Info: Redefining \cdots on input line 619.
\Mathstrutbox@=\box53
\strutbox@=\box54
LaTeX Info: Redefining \big on input line 721.
LaTeX Info: Redefining \Big on input line 722.
LaTeX Info: Redefining \bigg on input line 723.
LaTeX Info: Redefining \Bigg on input line 724.
\big@size=\dimen161
LaTeX Font Info:    Redeclaring font encoding OML on input line 742.
LaTeX Font Info:    Redeclaring font encoding OMS on input line 743.
\macc@depth=\count292
LaTeX Info: Redefining \bmod on input line 904.
LaTeX Info: Redefining \pmod on input line 909.
LaTeX Info: Redefining \smash on input line 939.
LaTeX Info: Redefining \relbar on input line 969.
LaTeX Info: Redefining \Relbar on input line 970.
\c@MaxMatrixCols=\count293
\dotsspace@=\muskip17
\c@parentequation=\count294
\dspbrk@lvl=\count295
\tag@help=\toks22
\row@=\count296
\column@=\count297
\maxfields@=\count298
\andhelp@=\toks23
\eqnshift@=\dimen162
\alignsep@=\dimen163
\tagshift@=\dimen164
\tagwidth@=\dimen165
\totwidth@=\dimen166
\lineht@=\dimen167
\@envbody=\toks24
\multlinegap=\skip52
\multlinetaggap=\skip53
\mathdisplay@stack=\toks25
LaTeX Info: Redefining \[ on input line 2950.
LaTeX Info: Redefining \] on input line 2951.
) (c:/texlive/2026/texmf-dist/tex/generic/babel/babel.sty
Package: babel 2026/04/15 v26.6 The multilingual framework for LuaLaTeX, pdfLaTeX and XeLaTeX
\babel@savecnt=\count299
LaTeX Encoding Info:    Redeclaring text command \ij (encoding OT1) on input line 2078.
LaTeX Encoding Info:    Redeclaring text command \IJ (encoding OT1) on input line 2080.
LaTeX Encoding Info:    Redeclaring text command \ij (encoding T1) on input line 2082.
LaTeX Encoding Info:    Redeclaring text command \IJ (encoding T1) on input line 2083.
LaTeX Encoding Info:    Ignoring declaration for text command \ij (encoding ?) on input line 2084.
LaTeX Encoding Info:    Ignoring declaration for text command \IJ (encoding ?) on input line 2086.
LaTeX Encoding Info:    Ignoring declaration for text command \SS (encoding ?) on input line 2111.
\U@D=\dimen168
\l@unhyphenated=\language91
 (c:/texlive/2026/texmf-dist/tex/generic/babel/txtbabel.def)
\bbl@readstream=\read2
\bbl@dirlevel=\count300
 (c:/texlive/2026/texmf-dist/tex/generic/babel/locale/sk/babel-slovak.tex)
Package babel Info: Importing font and identification data for slovak
(babel)             from babel-sk.ini. Reported on input line 4330.
 (c:/texlive/2026/texmf-dist/tex/generic/babel-slovak/slovak.ldf
Language: slovak 2008/07/06 v3.1a Slovak support from the babel system
Package babel Info: Making ^ an active character on input line 123.
Package babel Info: Making " an active character on input line 126.
Package babel Info: Making ' an active character on input line 129.
\cs@wordlen=\count301
Package babel Info: Making - an active character on input line 294.
)) (c:/texlive/2026/texmf-dist/tex/latex/listings/listings.sty
\lst@mode=\count302
\lst@gtempboxa=\box55
\lst@token=\toks26
\lst@length=\count303
\lst@currlwidth=\dimen169
\lst@column=\count304
\lst@pos=\count305
\lst@lostspace=\dimen170
\lst@width=\dimen171
\lst@newlines=\count306
\lst@lineno=\count307
\lst@maxwidth=\dimen172
 (c:/texlive/2026/texmf-dist/tex/latex/listings/lstpatch.sty
File: lstpatch.sty 2025/11/14 1.11b (Carsten Heinz)
) (c:/texlive/2026/texmf-dist/tex/latex/listings/lstmisc.sty
File: lstmisc.sty 2025/11/14 1.11b (Carsten Heinz)
\c@lstnumber=\count308
\lst@skipnumbers=\count309
\lst@framebox=\box56
) (c:/texlive/2026/texmf-dist/tex/latex/listings/listings.cfg
File: listings.cfg 2025/11/14 1.11b listings configuration
))
Package: listings 2025/11/14 1.11b (Carsten Heinz)

==> First Aid for listings.sty no longer applied!
    Expected:
        2024/09/23 1.10c (Carsten Heinz)
    but found:
        2025/11/14 1.11b (Carsten Heinz)
    so I'm assuming it got fixed.
(c:/texlive/2026/texmf-dist/tex/latex/graphics/graphicx.sty
Package: graphicx 2024/12/31 v1.2e Enhanced LaTeX Graphics (DPC,SPQR)
 (c:/texlive/2026/texmf-dist/tex/latex/graphics/graphics.sty
Package: graphics 2024/08/06 v1.4g Standard LaTeX Graphics (DPC,SPQR)
 (c:/texlive/2026/texmf-dist/tex/latex/graphics/trig.sty
Package: trig 2023/12/02 v1.11 sin cos tan (DPC)
) (c:/texlive/2026/texmf-dist/tex/latex/graphics-cfg/graphics.cfg
File: graphics.cfg 2016/06/04 v1.11 sample graphics configuration
)
Package graphics Info: Driver file: pdftex.def on input line 106.
 (c:/texlive/2026/texmf-dist/tex/latex/graphics-def/pdftex.def
File: pdftex.def 2025/09/29 v1.2d Graphics/color driver for pdftex
))
\Gin@req@height=\dimen173
\Gin@req@width=\dimen174
) (c:/texlive/2026/texmf-dist/tex/latex/pdfpages/pdfpages.sty
Package: pdfpages 2026/03/30 v0.6h Insert pages of external PDF documents (AM)
 (c:/texlive/2026/texmf-dist/tex/latex/base/ifthen.sty
Package: ifthen 2024/03/16 v1.1e Standard LaTeX ifthen package (DPC)
) (c:/texlive/2026/texmf-dist/tex/latex/tools/calc.sty
Package: calc 2025/03/01 v4.3b Infix arithmetic (KKT,FJ)
\calc@Acount=\count310
\calc@Bcount=\count311
\calc@Adimen=\dimen175
\calc@Bdimen=\dimen176
\calc@Askip=\skip54
\calc@Bskip=\skip55
LaTeX Info: Redefining \setlength on input line 86.
LaTeX Info: Redefining \addtolength on input line 87.
\calc@Ccount=\count312
\calc@Cskip=\skip56
) (c:/texlive/2026/texmf-dist/tex/latex/eso-pic/eso-pic.sty
Package: eso-pic 2025/12/10 v3.0d eso-pic (RN)
\ESO@tempdima=\dimen177
\ESO@tempdimb=\dimen178
 (c:/texlive/2026/texmf-dist/tex/latex/xcolor/xcolor.sty
Package: xcolor 2024/09/29 v3.02 LaTeX color extensions (UK)
 (c:/texlive/2026/texmf-dist/tex/latex/graphics-cfg/color.cfg
File: color.cfg 2016/01/02 v1.6 sample color configuration
)
Package xcolor Info: Driver file: pdftex.def on input line 274.
 (c:/texlive/2026/texmf-dist/tex/latex/graphics/mathcolor.ltx)
Package xcolor Info: Model `cmy' substituted by `cmy0' on input line 1349.
Package xcolor Info: Model `hsb' substituted by `rgb' on input line 1353.
Package xcolor Info: Model `RGB' extended on input line 1365.
Package xcolor Info: Model `HTML' substituted by `rgb' on input line 1367.
Package xcolor Info: Model `Hsb' substituted by `hsb' on input line 1368.
Package xcolor Info: Model `tHsb' substituted by `hsb' on input line 1369.
Package xcolor Info: Model `HSB' substituted by `hsb' on input line 1370.
Package xcolor Info: Model `Gray' substituted by `gray' on input line 1371.
Package xcolor Info: Model `wave' substituted by `hsb' on input line 1372.
)) (c:/texlive/2026/texmf-dist/tex/latex/etoolbox/etoolbox.sty
Package: etoolbox 2025/10/02 v2.5m e-TeX tools for LaTeX (JAW)
\etb@tempcnta=\count313
)
\AM@pagewidth=\dimen179
\AM@pageheight=\dimen180
\AM@fboxrule=\dimen181
 (c:/texlive/2026/texmf-dist/tex/latex/pdfpages/pppdftex.def
File: pppdftex.def 2026/03/30 v0.6h Pdfpages driver for pdfTeX (AM)
)
\pdfpages@includegraphics@status=\count314
\AM@pagebox=\box57
\AM@global@opts=\toks27
\AM@pagecnt=\count315
\AM@toc@title=\toks28
\AM@lof@heading=\toks29
\c@AM@survey=\count316
\AM@templatesizebox=\box58
) (c:/texlive/2026/texmf-dist/tex/latex/url/url.sty
\Urlmuskip=\muskip18
Package: url 2013/09/16  ver 3.4  Verb mode for urls, etc.
) (c:/texlive/2026/texmf-dist/tex/latex/hyperref/hyperref.sty
Package: hyperref 2026-04-24 v7.01q Hypertext links for LaTeX
 (c:/texlive/2026/texmf-dist/tex/latex/kvsetkeys/kvsetkeys.sty
Package: kvsetkeys 2022-10-05 v1.19 Key value parser (HO)
) (c:/texlive/2026/texmf-dist/tex/generic/kvdefinekeys/kvdefinekeys.sty
Package: kvdefinekeys 2019-12-19 v1.6 Define keys (HO)
) (c:/texlive/2026/texmf-dist/tex/generic/pdfescape/pdfescape.sty
Package: pdfescape 2019/12/09 v1.15 Implements pdfTeX's escape features (HO)
 (c:/texlive/2026/texmf-dist/tex/generic/ltxcmds/ltxcmds.sty
Package: ltxcmds 2023-12-04 v1.26 LaTeX kernel commands for general use (HO)
) (c:/texlive/2026/texmf-dist/tex/generic/pdftexcmds/pdftexcmds.sty
Package: pdftexcmds 2020-06-27 v0.33 Utility functions of pdfTeX for LuaTeX (HO)
 (c:/texlive/2026/texmf-dist/tex/generic/infwarerr/infwarerr.sty
Package: infwarerr 2019/12/03 v1.5 Providing info/warning/error messages (HO)
)
Package pdftexcmds Info: \pdf@primitive is available.
Package pdftexcmds Info: \pdf@ifprimitive is available.
Package pdftexcmds Info: \pdfdraftmode found.
)) (c:/texlive/2026/texmf-dist/tex/latex/hycolor/hycolor.sty
Package: hycolor 2020-01-27 v1.10 Color options for hyperref/bookmark (HO)
) (c:/texlive/2026/texmf-dist/tex/latex/hyperref/nameref.sty
Package: nameref 2026-01-29 v2.58 Cross-referencing by name of section
 (c:/texlive/2026/texmf-dist/tex/latex/refcount/refcount.sty
Package: refcount 2019/12/15 v3.6 Data extraction from label references (HO)
) (c:/texlive/2026/texmf-dist/tex/generic/gettitlestring/gettitlestring.sty
Package: gettitlestring 2019/12/15 v1.6 Cleanup title references (HO)
 (c:/texlive/2026/texmf-dist/tex/latex/kvoptions/kvoptions.sty
Package: kvoptions 2022-06-15 v3.15 Key value format for package options (HO)
))
\c@section@level=\count317
) (c:/texlive/2026/texmf-dist/tex/generic/stringenc/stringenc.sty
Package: stringenc 2019/11/29 v1.12 Convert strings between diff. encodings (HO)
)
\@linkdim=\dimen182
\Hy@linkcounter=\count318
\Hy@pagecounter=\count319
 (c:/texlive/2026/texmf-dist/tex/latex/hyperref/pd1enc.def
File: pd1enc.def 2026-04-24 v7.01q Hyperref: PDFDocEncoding definition (HO)
Now handling font encoding PD1 ...
... no UTF-8 mapping file for font encoding PD1
) (c:/texlive/2026/texmf-dist/tex/generic/intcalc/intcalc.sty
Package: intcalc 2019/12/15 v1.3 Expandable calculations with integers (HO)
)
\Hy@SavedSpaceFactor=\count320
 (c:/texlive/2026/texmf-dist/tex/latex/hyperref/puenc.def
File: puenc.def 2026-04-24 v7.01q Hyperref: PDF Unicode definition (HO)
Now handling font encoding PU ...
... no UTF-8 mapping file for font encoding PU
)
Package hyperref Info: Option `breaklinks' set `true' on input line 4070.
Package hyperref Info: Hyper figures OFF on input line 4199.
Package hyperref Info: Link nesting OFF on input line 4204.
Package hyperref Info: Hyper index ON on input line 4207.
Package hyperref Info: Plain pages OFF on input line 4214.
Package hyperref Info: Backreferencing OFF on input line 4219.
Package hyperref Info: Implicit mode ON; LaTeX internals redefined.
Package hyperref Info: Bookmarks ON on input line 4466.
\c@Hy@tempcnt=\count321
LaTeX Info: Redefining \url on input line 4805.
\XeTeXLinkMargin=\dimen183
 (c:/texlive/2026/texmf-dist/tex/generic/bitset/bitset.sty
Package: bitset 2019/12/09 v1.3 Handle bit-vector datatype (HO)
 (c:/texlive/2026/texmf-dist/tex/generic/bigintcalc/bigintcalc.sty
Package: bigintcalc 2019/12/15 v1.5 Expandable calculations on big integers (HO)
))
\Fld@menulength=\count322
\Field@Width=\dimen184
\Fld@charsize=\dimen185
Package hyperref Info: Hyper figures OFF on input line 6091.
Package hyperref Info: Link nesting OFF on input line 6096.
Package hyperref Info: Hyper index ON on input line 6099.
Package hyperref Info: backreferencing OFF on input line 6106.
Package hyperref Info: Link coloring OFF on input line 6111.
Package hyperref Info: Link coloring with OCG OFF on input line 6116.
Package hyperref Info: PDF/A mode OFF on input line 6121.
\Hy@abspage=\count323
\c@Item=\count324
\c@Hfootnote=\count325
)
Package hyperref Info: Driver (autodetected): hpdftex.
 (c:/texlive/2026/texmf-dist/tex/latex/hyperref/hpdftex.def
File: hpdftex.def 2026-04-24 v7.01q Hyperref driver for pdfTeX
\Fld@listcount=\count326
\c@bookmark@seq@number=\count327
 (c:/texlive/2026/texmf-dist/tex/latex/rerunfilecheck/rerunfilecheck.sty
Package: rerunfilecheck 2025-06-21 v1.11 Rerun checks for auxiliary files (HO)
 (c:/texlive/2026/texmf-dist/tex/generic/uniquecounter/uniquecounter.sty
Package: uniquecounter 2019/12/15 v1.4 Provide unlimited unique counter (HO)
)
Package uniquecounter Info: New unique counter `rerunfilecheck' on input line 284.
)
\Hy@SectionHShift=\skip57
) (c:/texlive/2026/texmf-dist/tex/latex/l3backend/l3backend-pdftex.def
File: l3backend-pdftex.def 2026-02-18 L3 backend support: PDF output (pdfTeX)
\l__color_backend_stack_int=\count328
)
No file main.aux.
\openout1 = `main.aux'.

LaTeX Font Info:    Checking defaults for OML/cmm/m/it on input line 72.
LaTeX Font Info:    ... okay on input line 72.
LaTeX Font Info:    Checking defaults for OMS/cmsy/m/n on input line 72.
LaTeX Font Info:    ... okay on input line 72.
LaTeX Font Info:    Checking defaults for OT1/cmr/m/n on input line 72.
LaTeX Font Info:    ... okay on input line 72.
LaTeX Font Info:    Checking defaults for T1/cmr/m/n on input line 72.
LaTeX Font Info:    ... okay on input line 72.
LaTeX Font Info:    Checking defaults for TS1/cmr/m/n on input line 72.
LaTeX Font Info:    ... okay on input line 72.
LaTeX Font Info:    Checking defaults for OMX/cmex/m/n on input line 72.
LaTeX Font Info:    ... okay on input line 72.
LaTeX Font Info:    Checking defaults for U/cmr/m/n on input line 72.
LaTeX Font Info:    ... okay on input line 72.
LaTeX Font Info:    Checking defaults for PD1/pdf/m/n on input line 72.
LaTeX Font Info:    ... okay on input line 72.
LaTeX Font Info:    Checking defaults for PU/pdf/m/n on input line 72.
LaTeX Font Info:    ... okay on input line 72.
*geometry* driver: auto-detecting
*geometry* detected driver: pdftex
*geometry* verbose mode - [ preamble ] result:
* driver: pdftex
* paper: a4paper
* layout: <same size as paper>
* layoutoffset:(h,v)=(0.0pt,0.0pt)
* modes: twoside 
* h-part:(L,W,R)=(99.58464pt, 441.01773pt, 56.9055pt)
* v-part:(T,H,B)=(71.13188pt, 702.78308pt, 71.13188pt)
* \paperwidth=597.50787pt
* \paperheight=845.04684pt
* \textwidth=441.01773pt
* \textheight=702.78308pt
* \oddsidemargin=27.31465pt
* \evensidemargin=-15.36449pt
* \topmargin=-33.0119pt
* \headheight=12.0pt
* \headsep=19.8738pt
* \topskip=12.0pt
* \footskip=30.0pt
* \marginparwidth=98.0pt
* \marginparsep=7.0pt
* \columnsep=10.0pt
* \skip\footins=10.8pt plus 4.0pt minus 2.0pt
* \hoffset=0.0pt
* \voffset=0.0pt
* \mag=1000
* \@twocolumnfalse
* \@twosidetrue
* \@mparswitchtrue
* \@reversemarginfalse
* (1in=72.27pt=25.4mm, 1cm=28.453pt)

Package babel Info: 'slovak' activates 'slovak' shorthands.
(babel)             Reported on input line 72.
\c@lstlisting=\count329
(c:/texlive/2026/texmf-dist/tex/context/base/mkii/supp-pdf.mkii
[Loading MPS to PDF converter (version 2006.09.02).]
\scratchcounter=\count330
\scratchdimen=\dimen186
\scratchbox=\box59
\nofMPsegments=\count331
\nofMParguments=\count332
\everyMPshowfont=\toks30
\MPscratchCnt=\count333
\MPscratchDim=\dimen187
\MPnumerator=\count334
\makeMPintoPDFobject=\count335
\everyMPtoPDFconversion=\toks31
) (c:/texlive/2026/texmf-dist/tex/latex/epstopdf-pkg/epstopdf-base.sty
Package: epstopdf-base 2020-01-24 v2.11 Base part for package epstopdf
Package epstopdf-base Info: Redefining graphics rule for `.eps' on input line 485.
 (c:/texlive/2026/texmf-dist/tex/latex/latexconfig/epstopdf-sys.cfg
File: epstopdf-sys.cfg 2010/07/13 v1.3 Configuration of (r)epstopdf for TeX Live
)) (c:/texlive/2026/texmf-dist/tex/latex/pdflscape/pdflscape.sty
Package: pdflscape 2025-06-23 v0.14 Display of landscape pages in PDF
 (c:/texlive/2026/texmf-dist/tex/latex/pdflscape/pdflscape-nometadata.sty
Package: pdflscape-nometadata 2025-06-23 v0.14 Display of landscape pages in PDF (HO)
 (c:/texlive/2026/texmf-dist/tex/latex/graphics/lscape.sty
Package: lscape 2020/05/28 v3.02 Landscape Pages (DPC)
)
Package pdflscape Info: Auto-detected driver: pdftex on input line 81.
))
Package hyperref Info: Link coloring OFF on input line 72.
\@outlinefile=\write3
\openout3 = `main.out'.

 [1


{c:/texlive/2026/texmf-var/fonts/map/pdftex/updmap/pdftex.map}{c:/texlive/2026/texmf-dist/fonts/enc/dvips/cm-super/cm-super-t1.enc}] [2

] [3] [4

]
<images/zadanie.pdf, id=24, 597.50731pt x 845.04607pt>
File: images/zadanie.pdf Graphic file (type pdf)
<use images/zadanie.pdf>
Package pdftex.def Info: images/zadanie.pdf  used on input line 152.
(pdftex.def)             Requested size: 597.50584pt x 845.044pt.
<images/zadanie.pdf, id=26, page=1, 597.50731pt x 845.04607pt>
File: images/zadanie.pdf Graphic file (type pdf)
<use images/zadanie.pdf, page 1>
Package pdftex.def Info: images/zadanie.pdf , page1 used on input line 152.
(pdftex.def)             Requested size: 597.50584pt x 845.044pt.
File: images/zadanie.pdf Graphic file (type pdf)
<use images/zadanie.pdf, page 1>
Package pdftex.def Info: images/zadanie.pdf , page1 used on input line 152.
(pdftex.def)             Requested size: 597.53319pt x 845.08269pt.
File: images/zadanie.pdf Graphic file (type pdf)
<use images/zadanie.pdf, page 1>
Package pdftex.def Info: images/zadanie.pdf , page1 used on input line 152.
(pdftex.def)             Requested size: 597.53319pt x 845.08269pt.
File: images/zadanie.pdf Graphic file (type pdf)
<use images/zadanie.pdf, page 1>
Package pdftex.def Info: images/zadanie.pdf , page1 used on input line 152.
(pdftex.def)             Requested size: 597.53319pt x 845.08269pt.

pdfTeX warning (ext4): destination with the same identifier (name{page.i}) has been already used, duplicate ignored
<to be read again> 
                   \relax 
l.152 \includepdf{images/zadanie.pdf}
                                     
File: images/zadanie.pdf Graphic file (type pdf)
<use images/zadanie.pdf, page 1>
Package pdftex.def Info: images/zadanie.pdf , page1 used on input line 152.
(pdftex.def)             Requested size: 597.53319pt x 845.08269pt.
 [1

 <./images/zadanie.pdf>]
pdfTeX warning (ext4): destination with the same identifier (name{page.ii}) has been already used, duplicate ignored
<to be read again> 
                   \relax 
l.164 \newpage
               [2]
pdfTeX warning (ext4): destination with the same identifier (name{page.iii}) has been already used, duplicate ignored
<to be read again> 
                   \relax 
l.176 \newpage
               [3]
Underfull \hbox (badness 10000) in paragraph at lines 179--183

 []


pdfTeX warning (ext4): destination with the same identifier (name{page.iv}) has been already used, duplicate ignored
<to be read again> 
                   \relax 
l.190 \newpage
               [4]
Underfull \hbox (badness 10000) in paragraph at lines 193--197

 []

[5] [6

]
No file main.toc.
\tf@toc=\write4
\openout4 = `main.toc'.

[7] [8

]
No file main.lof.
\tf@lof=\write5
\openout5 = `main.lof'.

[9] [10

]
No file main.lot.
\tf@lot=\write6
\openout6 = `main.lot'.

[11] [12

] (./uvod.tex) (./teoria.tex [1

]
Package babel Info: 'slovak' activates 'slovak' shorthands.
(babel)             Reported on input line 1.
 [2

]
Kapitola 1.

LaTeX Warning: Citation `turing_machinery_and_inteligence' on page 3 undefined on input line 9.


LaTeX Warning: Citation `history_of_AI' on page 3 undefined on input line 9.


LaTeX Warning: Citation `artificial_intelligence_modern_aproach' on page 3 undefined on input line 9.


LaTeX Warning: Citation `history_of_AI' on page 3 undefined on input line 11.


LaTeX Warning: Citation `artificial_intelligence_modern_aproach' on page 3 undefined on input line 11.


LaTeX Warning: Citation `ai_in_games_brief_review' on page 3 undefined on input line 11.


LaTeX Warning: Citation `artificial_intelligence_modern_aproach' on page 3 undefined on input line 11.


LaTeX Warning: Citation `ai_in_games_brief_review' on page 3 undefined on input line 11.


LaTeX Warning: Citation `artificial_intelligence_modern_aproach' on page 3 undefined on input line 15.


LaTeX Warning: Citation `artificial_intelligence_modern_aproach' on page 3 undefined on input line 15.


Underfull \vbox (badness 1708) has occurred while \output is active []

 [3]

LaTeX Warning: Citation `artificial_intelligence_modern_aproach' on page 4 undefined on input line 21.


LaTeX Warning: Citation `artificial_intelligence_modern_aproach' on page 4 undefined on input line 25.


LaTeX Warning: Citation `artificial_intelligence_modern_aproach' on page 4 undefined on input line 38.

[4]

LaTeX Warning: Citation `artificial_intelligence_modern_aproach' on page 5 undefined on input line 55.


LaTeX Warning: Citation `artificial_intelligence_modern_aproach' on page 5 undefined on input line 59.


LaTeX Warning: Citation `artificial_intelligence_modern_aproach' on page 5 undefined on input line 64.

[5{c:/texlive/2026/texmf-dist/fonts/enc/dvips/cm-super/cm-super-ts1.enc}]

LaTeX Warning: Citation `artificial_intelligence_modern_aproach' on page 6 undefined on input line 73.


LaTeX Warning: Citation `reinforcment_learning_intro' on page 6 undefined on input line 77.


LaTeX Warning: Citation `artificial_intelligence_modern_aproach' on page 6 undefined on input line 77.


LaTeX Warning: Citation `reinforcment_learning_intro' on page 6 undefined on input line 78.


LaTeX Warning: Citation `artificial_intelligence_modern_aproach' on page 6 undefined on input line 84.


LaTeX Warning: Citation `neat_article' on page 6 undefined on input line 84.

[6]

LaTeX Warning: Citation `neat_article' on page 7 undefined on input line 92.


LaTeX Warning: Citation `reinforcment_in_real_time' on page 7 undefined on input line 97.


LaTeX Warning: Citation `reinforcment_in_real_time' on page 7 undefined on input line 97.


LaTeX Warning: Citation `reinforcment_learning_intro' on page 7 undefined on input line 101.


LaTeX Warning: Citation `reinforcment_learning_intro' on page 7 undefined on input line 105.


LaTeX Warning: Citation `reinforcment_learning_intro' on page 7 undefined on input line 110.

[7]

LaTeX Warning: Citation `artificial_intelligence_modern_aproach' on page 8 undefined on input line 118.


LaTeX Warning: Citation `end_to_end_self_driving' on page 8 undefined on input line 118.


LaTeX Warning: Citation `artificial_intelligence_modern_aproach' on page 8 undefined on input line 122.


LaTeX Warning: Citation `artificial_intelligence_modern_aproach' on page 8 undefined on input line 133.


LaTeX Warning: Citation `artificial_intelligence_modern_aproach' on page 8 undefined on input line 137.


LaTeX Warning: Citation `krizhevsky2012imagenet' on page 8 undefined on input line 141.

[8]

LaTeX Warning: Citation `goodfellow2016deep' on page 9 undefined on input line 145.


LaTeX Warning: Citation `goodfellow2016deep' on page 9 undefined on input line 153.


LaTeX Warning: Citation `autonomous_vehicle_goals' on page 9 undefined on input line 160.


LaTeX Warning: Citation `autonomous_vehicle_goals' on page 9 undefined on input line 160.


LaTeX Warning: Citation `gregory1979eye' on page 9 undefined on input line 164.


LaTeX Warning: Citation `end_to_end_self_driving' on page 9 undefined on input line 164.

[9]

LaTeX Warning: Citation `end_to_end_self_driving' on page 10 undefined on input line 166.


LaTeX Warning: Citation `end_to_end_self_driving' on page 10 undefined on input line 168.


LaTeX Warning: Citation `end_to_end_self_driving' on page 10 undefined on input line 170.


LaTeX Warning: Citation `computer_graphics' on page 10 undefined on input line 176.


LaTeX Warning: Citation `computer_graphics' on page 10 undefined on input line 180.

[10]

LaTeX Warning: Citation `computer_graphics' on page 11 undefined on input line 184.


LaTeX Warning: Citation `computer_graphics' on page 11 undefined on input line 190.


LaTeX Warning: Citation `ai_in_games_brief_review' on page 11 undefined on input line 203.

[11]

LaTeX Warning: Citation `ai_in_games_brief_review' on page 12 undefined on input line 213.


LaTeX Warning: Citation `ai_in_games_brief_review' on page 12 undefined on input line 217.


LaTeX Warning: Citation `trackmania_is_np' on page 12 undefined on input line 225.


LaTeX Warning: Reference `obr:track' on page 12 undefined on input line 225.

[12]

LaTeX Warning: Citation `trackmania_is_np' on page 13 undefined on input line 227.

<images/track.png, id=204, 1054.53975pt x 720.291pt>
File: images/track.png Graphic file (type png)
<use images/track.png>
Package pdftex.def Info: images/track.png  used on input line 233.
(pdftex.def)             Requested size: 220.50887pt x 150.60612pt.

LaTeX Warning: Citation `trackmania_is_np' on page 13 undefined on input line 240.


LaTeX Warning: Reference `obr:editor_options' on page 13 undefined on input line 244.

<images/editor.png, id=206, 1219.55624pt x 383.93437pt>
File: images/editor.png Graphic file (type png)
<use images/editor.png>
Package pdftex.def Info: images/editor.png  used on input line 249.
(pdftex.def)             Requested size: 441.01773pt x 138.83725pt.

LaTeX Warning: Citation `tmrl_github' on page 13 undefined on input line 258.


Underfull \vbox (badness 2913) has occurred while \output is active []

 [13 <./images/track.png>]) (./navrh.tex [14 <./images/editor.png>]
Kapitola 2.

LaTeX Warning: Citation `yoshtm_youtube' on page 15 undefined on input line 10.


LaTeX Warning: Citation `linesight_rl_youtube' on page 15 undefined on input line 10.


LaTeX Warning: Citation `tmrl_github' on page 15 undefined on input line 14.


LaTeX Warning: Citation `soft_actor_critic' on page 15 undefined on input line 16.


LaTeX Warning: Citation `randomized_q_learning' on page 15 undefined on input line 16.


LaTeX Warning: Citation `tmrl_github' on page 15 undefined on input line 16.

[15

]

LaTeX Warning: Citation `tmrl_github' on page 16 undefined on input line 20.


LaTeX Warning: Citation `trackmania_ai_github' on page 16 undefined on input line 25.


LaTeX Warning: Citation `trackmania_ai_github' on page 16 undefined on input line 27.


LaTeX Warning: Citation `trackmania_ai_github' on page 16 undefined on input line 29.

[16]

LaTeX Warning: Citation `trackmania_ai_github' on page 17 undefined on input line 32.


LaTeX Warning: Citation `sophy_ai' on page 17 undefined on input line 38.


LaTeX Warning: Citation `super_human_grand_turismo' on page 17 undefined on input line 38.


LaTeX Warning: Citation `super_human_grand_turismo' on page 17 undefined on input line 40.


LaTeX Warning: Citation `imporving_trackmania_AI' on page 17 undefined on input line 42.


Underfull \vbox (badness 3049) has occurred while \output is active []

 [17]

LaTeX Warning: Citation `sophy_ai' on page 18 undefined on input line 56.


LaTeX Warning: Citation `super_human_grand_turismo' on page 18 undefined on input line 56.

<images/LiDAR_raycast.png, id=239, 1445.4pt x 813.0375pt>
File: images/LiDAR_raycast.png Graphic file (type png)
<use images/LiDAR_raycast.png>
Package pdftex.def Info: images/LiDAR_raycast.png  used on input line 59.
(pdftex.def)             Requested size: 264.61333pt x 148.84644pt.

LaTeX Warning: Citation `tmrl_github' on page 18 undefined on input line 68.


LaTeX Warning: Citation `trackmania_ai_github' on page 18 undefined on input line 73.


LaTeX Warning: Citation `artificial_intelligence_modern_aproach' on page 18 undefined on input line 73.

[18 <./images/lidar_raycast.png>]

LaTeX Warning: Citation `sophy_ai' on page 19 undefined on input line 75.


LaTeX Warning: Citation `super_human_grand_turismo' on page 19 undefined on input line 75.


LaTeX Warning: Citation `tmrl_github' on page 19 undefined on input line 80.


LaTeX Warning: Citation `trackmania_ai_github' on page 19 undefined on input line 80.


LaTeX Warning: Citation `super_human_grand_turismo' on page 19 undefined on input line 82.


LaTeX Warning: Citation `super_human_grand_turismo' on page 19 undefined on input line 82.

<images/trajectory.png, id=248, 508.90125pt x 284.56313pt>
File: images/trajectory.png Graphic file (type png)
<use images/trajectory.png>
Package pdftex.def Info: images/trajectory.png  used on input line 86.
(pdftex.def)             Requested size: 264.61333pt x 147.96933pt.
<images/steering_theory.png, id=249, 1118.67938pt x 813.0375pt>
File: images/steering_theory.png Graphic file (type png)
<use images/steering_theory.png>
Package pdftex.def Info: images/steering_theory.png  used on input line 95.
(pdftex.def)             Requested size: 264.61333pt x 192.31683pt.
[19] [20 <./images/trajectory.png> <./images/steering_theory.png>]

LaTeX Warning: Citation `trackmania_ai_github' on page 21 undefined on input line 105.


LaTeX Warning: Reference `sec:umela_inteligencia' on page 21 undefined on input line 112.


LaTeX Warning: Citation `reinforcment_in_real_time' on page 21 undefined on input line 128.


LaTeX Warning: Citation `artificial_intelligence_modern_aproach' on page 21 undefined on input line 128.

[21]

LaTeX Warning: Reference `obr:controler_keyboard' on page 22 undefined on input line 137.

<images/kayboard_controller.png, id=272, 1327.96124pt x 379.4175pt>
File: images/kayboard_controller.png Graphic file (type png)
<use images/kayboard_controller.png>
Package pdftex.def Info: images/kayboard_controller.png  used on input line 142.
(pdftex.def)             Requested size: 441.01773pt x 126.00131pt.

LaTeX Warning: Reference `sec:umela_inteligencia' on page 22 undefined on input line 154.

[22 <./images/kayboard_controller.png>]

LaTeX Warning: Citation `artificial_intelligence_modern_aproach' on page 23 undefined on input line 156.


Overfull \hbox (11.72682pt too wide) in paragraph at lines 169--170
[]\T1/cmr/bx/n/12 UŁenie po-sil-¬o-va-ním: \T1/cmr/m/n/12 UŁe-nie po-sil-¬o-va-ním (re-in-for-ce-ment le-ar-ning) dobre zrkadlí
 []

[23]

LaTeX Warning: Citation `neat_article' on page 24 undefined on input line 171.


LaTeX Warning: Citation `trackmania_is_np' on page 24 undefined on input line 177.

) (./praktika.tex [24]
Kapitola 3.

LaTeX Warning: Citation `gbx_py_github' on page 25 undefined on input line 8.

<images/mesh_curve.png, id=291, 1204.5pt x 722.7pt>
File: images/mesh_curve.png Graphic file (type png)
<use images/mesh_curve.png>
Package pdftex.def Info: images/mesh_curve.png  used on input line 12.
(pdftex.def)             Requested size: 198.45662pt x 119.07494pt.
<images/mesh_straight.png, id=292, 602.25pt x 361.35pt>
File: images/mesh_straight.png Graphic file (type png)
<use images/mesh_straight.png>
Package pdftex.def Info: images/mesh_straight.png  used on input line 13.
(pdftex.def)             Requested size: 198.45662pt x 119.07494pt.

Underfull \vbox (badness 10000) has occurred while \output is active []

 [25

 <./images/mesh_curve.png> <./images/mesh_straight.png>]
<images/virtual_track.png, id=303, 716.07526pt x 596.2275pt>
File: images/virtual_track.png Graphic file (type png)
<use images/virtual_track.png>
Package pdftex.def Info: images/virtual_track.png  used on input line 46.
(pdftex.def)             Requested size: 286.65883pt x 238.67783pt.


LaTeX Warning: Reference `obr:virtual_map' on page 26 undefined on input line 51.

[26]
<images/game_view.png, id=312, 1402.64024pt x 788.9475pt>
File: images/game_view.png Graphic file (type png)
<use images/game_view.png>
Package pdftex.def Info: images/game_view.png  used on input line 83.
(pdftex.def)             Requested size: 198.45662pt x 111.61961pt.
<images/agent_view.png, id=313, 1438.173pt x 808.82175pt>
File: images/agent_view.png Graphic file (type png)
<use images/agent_view.png>
Package pdftex.def Info: images/agent_view.png  used on input line 84.
(pdftex.def)             Requested size: 198.45662pt x 111.60518pt.
 [27 <./images/virtual_track.png>]

LaTeX Warning: Citation `stable_baselines3' on page 28 undefined on input line 112.


Underfull \hbox (badness 10000) in paragraph at lines 112--114

 []

[28 <./images/game_view.png> <./images/agent_view.png>]

LaTeX Warning: Reference `obr:training_map' on page 29 undefined on input line 123.

<images/training_map.png, id=331, 1014.79124pt x 813.0375pt>
File: images/training_map.png Graphic file (type png)
<use images/training_map.png>
Package pdftex.def Info: images/training_map.png  used on input line 134.
(pdftex.def)             Requested size: 286.65883pt x 229.6587pt.

Underfull \hbox (badness 10000) in paragraph at lines 141--143

 []

[29]) (./vyhodnotenie.tex [30 <./images/training_map.png>]
Kapitola 4.

LaTeX Warning: Reference `kap:teoria' on page 31 undefined on input line 4.


LaTeX Warning: Reference `kap:prakticka_cast' on page 31 undefined on input line 4.


LaTeX Warning: Reference `tab:cas' on page 31 undefined on input line 11.


LaTeX Warning: Reference `tab:najlepsi_cas' on page 31 undefined on input line 11.


LaTeX Warning: `h' float specifier changed to `ht'.


Underfull \vbox (badness 4467) has occurred while \output is active []

 [31

]) (./zaver.tex [32]) [33

] [34

] (./main.bbl [35


] [36]) (./appendixA.tex [37] [38

])
Overfull \hbox (13.53668pt too wide) in paragraph at lines 4--294
\T1/cmr/m/n/12 Tieto sú-bory sú do-stupné aj na stránke []$\T1/cmtt/m/n/12 https : / / github . com / Metcoler / Trackmania-[]BC$[]\T1/cmr/m/n/12 . 
 []

[39] (./main.aux)
 ***********
LaTeX2e <2025-11-01>
L3 programming layer <2026-03-20>
 ***********


LaTeX Warning: There were undefined references.


LaTeX Warning: Label(s) may have changed. Rerun to get cross-references right.


Package rerunfilecheck Warning: File `main.out' has changed.
(rerunfilecheck)                Rerun to get outlines right
(rerunfilecheck)                or use package `bookmark'.

Package rerunfilecheck Info: Checksums for `main.out':
(rerunfilecheck)             Before: <no file>
(rerunfilecheck)             After:  32E2E7FEACD7CE8668FF1198650E468D;9409.
 ) 
Here is how much of TeX's memory you used:
 14222 strings out of 467348
 220381 string characters out of 5419841
 667117 words of memory out of 5000000
 42950 multiletter control sequences out of 15000+600000
 643946 words of font info for 72 fonts, out of 8000000 for 9000
 1141 hyphenation exceptions out of 8191
 75i,17n,90p,1710b,654s stack positions out of 10000i,1000n,20000p,200000b,200000s
<c:/texlive/2026/texmf-dist/fonts/type1/public/amsfonts/cm/cmbx12.pfb><c:/texlive/2026/texmf-dist/fonts/type1/public/amsfonts/cm/cmex10.pfb><c:/texlive/2026/texmf-dist/fonts/type1/public/amsfonts/cm/cmmi12.pfb><c:/texlive/2026/texmf-dist/fonts/type1/public/amsfonts/cm/cmmi6.pfb><c:/texlive/2026/texmf-dist/fonts/type1/public/amsfonts/cm/cmmi8.pfb><c:/texlive/2026/texmf-dist/fonts/type1/public/amsfonts/cm/cmr12.pfb><c:/texlive/2026/texmf-dist/fonts/type1/public/amsfonts/cm/cmr8.pfb><c:/texlive/2026/texmf-dist/fonts/type1/public/amsfonts/cm/cmsy10.pfb><c:/texlive/2026/texmf-dist/fonts/type1/public/amsfonts/cm/cmsy6.pfb><c:/texlive/2026/texmf-dist/fonts/type1/public/amsfonts/cm/cmsy8.pfb><c:/texlive/2026/texmf-dist/fonts/type1/public/cm-super/sfbx1200.pfb><c:/texlive/2026/texmf-dist/fonts/type1/public/cm-super/sfbx1440.pfb><c:/texlive/2026/texmf-dist/fonts/type1/public/cm-super/sfbx1728.pfb><c:/texlive/2026/texmf-dist/fonts/type1/public/cm-super/sfbx2488.pfb><c:/texlive/2026/texmf-dist/fonts/type1/public/cm-super/sfcc1440.pfb><c:/texlive/2026/texmf-dist/fonts/type1/public/cm-super/sfcc2074.pfb><c:/texlive/2026/texmf-dist/fonts/type1/public/cm-super/sfrm1200.pfb><c:/texlive/2026/texmf-dist/fonts/type1/public/cm-super/sfsl1200.pfb><c:/texlive/2026/texmf-dist/fonts/type1/public/cm-super/sfti1200.pfb><c:/texlive/2026/texmf-dist/fonts/type1/public/cm-super/sftt1200.pfb>
Output written on main.pdf (55 pages, 16215665 bytes).
PDF statistics:
 556 PDF objects out of 1000 (max. 8388607)
 418 compressed objects within 5 object streams
 160 named destinations out of 1000 (max. 500000)
 76 words of extra memory for PDF output out of 10000 (max. 10000000)

