\BOOKMARK [0][-]{chapter*.6}{\376\377\000\332\000v\000o\000d}{}% 1
\BOOKMARK [0][-]{chapter.1}{\376\377\000T\000e\000o\000r\000e\000t\000i\000c\000k\000\351\000\040\000v\000\375\000c\000h\000o\000d\000i\000s\000k\000\341}{}% 2
\BOOKMARK [1][-]{section.1.1}{\376\377\000U\000m\000e\000l\000\341\000\040\000i\000n\000t\000e\000l\000i\000g\000e\000n\000c\000i\000a}{chapter.1}% 3
\BOOKMARK [2][-]{subsection.1.1.1}{\376\377\000A\000g\000e\000n\000t}{section.1.1}% 4
\BOOKMARK [2][-]{subsection.1.1.2}{\376\377\000R\000a\000c\000i\000o\000n\000\341\000l\000n\000e\000\040\000s\000p\000r\000\341\000v\000a\000n\000i\000e}{section.1.1}% 5
\BOOKMARK [2][-]{subsection.1.1.3}{\376\377\001\140\000p\000e\000c\000i\000f\000i\000k\000\341\000c\000i\000a\000\040\000\372\000l\000o\000h\000y\000\040\000p\000r\000e\000\040\000a\000g\000e\000n\000t\000a}{section.1.1}% 6
\BOOKMARK [1][-]{section.1.2}{\376\377\000S\000t\000r\000o\000j\000o\000v\000\351\000\040\000u\001\015\000e\000n\000i\000e}{chapter.1}% 7
\BOOKMARK [2][-]{subsection.1.2.1}{\376\377\000T\000y\000p\000y\000\040\000s\000t\000r\000o\000j\000o\000v\000\351\000h\000o\000\040\000u\001\015\000e\000n\000i\000a}{section.1.2}% 8
\BOOKMARK [2][-]{subsection.1.2.2}{\376\377\000E\000v\000o\000l\000u\001\015\000n\000\351\000\040\000a\000l\000g\000o\000r\000i\000t\000m\000y\000\040\000a\000\040\000n\000e\000u\000r\000o\000e\000v\000o\000l\000\372\000c\000i\000a}{section.1.2}% 9
\BOOKMARK [1][-]{section.1.3}{\376\377\000O\000d\000m\000e\001\110\000o\000v\000a\000c\000i\000a\000\040\000f\000u\000n\000k\000c\000i\000a\000\040\000\050\000R\000e\000w\000a\000r\000d\000\040\000f\000u\000n\000c\000t\000i\000o\000n\000\051}{chapter.1}% 10
\BOOKMARK [1][-]{section.1.4}{\376\377\000N\000e\000u\000r\000\363\000n\000o\000v\000\351\000\040\000s\000i\000e\000t\000e}{chapter.1}% 11
\BOOKMARK [2][-]{subsection.1.4.1}{\376\377\000M\000a\000t\000e\000m\000a\000t\000i\000k\000a\000\040\000n\000e\000u\000r\000\363\000n\000o\000v\000\375\000c\000h\000\040\000s\000i\000e\000t\000\355}{section.1.4}% 12
\BOOKMARK [2][-]{subsection.1.4.2}{\376\377\000K\000o\000n\000v\000o\000l\000u\001\015\000n\000\351\000\040\000n\000e\000u\000r\000\363\000n\000o\000v\000\351\000\040\000s\000i\000e\000t\000e}{section.1.4}% 13
\BOOKMARK [2][-]{subsection.1.4.3}{\376\377\000H\000l\000b\000o\000k\000\351\000\040\000n\000e\000u\000r\000\363\000n\000o\000v\000\351\000\040\000s\000i\000e\000t\000e}{section.1.4}% 14
\BOOKMARK [1][-]{section.1.5}{\376\377\000A\000u\000t\000o\000n\000\363\000m\000n\000e\000\040\000r\000i\000a\000d\000e\000n\000i\000e\000\040\000v\000o\000z\000i\000d\000i\000e\000l}{chapter.1}% 15
\BOOKMARK [2][-]{subsection.1.5.1}{\376\377\000S\000e\000n\000z\000o\000r\000y}{section.1.5}% 16
\BOOKMARK [1][-]{section.1.6}{\376\377\000P\000o\001\015\000\355\000t\000a\001\015\000o\000v\000\341\000\040\000g\000r\000a\000f\000i\000k\000a}{chapter.1}% 17
\BOOKMARK [2][-]{subsection.1.6.1}{\376\377\000Z\000o\000b\000r\000a\000z\000o\000v\000a\000n\000i\000e\000\040\000o\000b\000j\000e\000k\000t\000o\000v\000\040\000a\000\040\000k\000o\000n\000c\000e\000p\000t\000\040\000s\000c\000\351\000n\000y}{section.1.6}% 18
\BOOKMARK [2][-]{subsection.1.6.2}{\376\377\000D\000\341\000t\000o\000v\000\341\000\040\000r\000e\000p\000r\000e\000z\000e\000n\000t\000\341\000c\000i\000a\000\040\000o\000b\000j\000e\000k\000t\000u}{section.1.6}% 19
\BOOKMARK [2][-]{subsection.1.6.3}{\376\377\000R\000a\000y\000c\000a\000s\000t\000i\000n\000g}{section.1.6}% 20
\BOOKMARK [1][-]{section.1.7}{\376\377\000V\000i\000r\000t\000u\000\341\000l\000n\000e\000\040\000p\000r\000o\000s\000t\000r\000e\000d\000i\000e}{chapter.1}% 21
\BOOKMARK [2][-]{subsection.1.7.1}{\376\377\000V\000\375\000b\000e\000r\000\040\000v\000i\000r\000t\000u\000\341\000l\000n\000e\000h\000o\000\040\000p\000r\000o\000s\000t\000r\000e\000d\000i\000a}{section.1.7}% 22
\BOOKMARK [1][-]{section.1.8}{\376\377\000T\000r\000a\000c\000k\000m\000a\000n\000i\000a}{chapter.1}% 23
\BOOKMARK [2][-]{subsection.1.8.1}{\376\377\000O\000p\000e\000n\000p\000l\000a\000n\000e\000t}{section.1.8}% 24
\BOOKMARK [0][-]{chapter.2}{\376\377\000N\000\341\000v\000r\000h}{}% 25
\BOOKMARK [1][-]{section.2.1}{\376\377\000E\000x\000i\000s\000t\000u\000j\000\372\000c\000e\000\040\000r\000i\000e\001\141\000e\000n\000i\000a}{chapter.2}% 26
\BOOKMARK [2][-]{subsection.2.1.1}{\376\377\000T\000M\000L\000R}{section.2.1}% 27
\BOOKMARK [2][-]{subsection.2.1.2}{\376\377\000T\000r\000a\000c\000k\000m\000a\000n\000i\000a\000\040\000A\000I}{section.2.1}% 28
\BOOKMARK [2][-]{subsection.2.1.3}{\376\377\000G\000r\000a\000n\000\040\000T\000u\000r\000i\000s\000m\000o\000\040\000S\000o\000p\000h\000y\000\040\000A\000I}{section.2.1}% 29
\BOOKMARK [1][-]{section.2.2}{\376\377\000P\000r\000o\000b\000l\000\351\000m\000y\000\040\000a\000\040\000n\000a\000v\000r\000h\000o\000v\000a\000n\000\351\000\040\000r\000i\000e\001\141\000e\000n\000i\000a}{chapter.2}% 30
\BOOKMARK [2][-]{subsection.2.2.1}{\376\377\000P\000o\000m\000a\000l\000\341\000\040\000o\000d\000o\000z\000v\000a}{section.2.2}% 31
\BOOKMARK [2][-]{subsection.2.2.2}{\376\377\000Z\000\341\000v\000i\000s\000l\000o\000s\001\145\000\040\000n\000a\000\040\001\076\000u\000d\000s\000k\000e\000j\000\040\000i\000n\000t\000e\000r\000a\000k\000c\000i\000i}{section.2.2}% 32
\BOOKMARK [2][-]{subsection.2.2.3}{\376\377\000L\000i\000m\000i\000t\000\341\000c\000i\000a\000\040\001\015\000l\000o\000v\000e\000k\000o\000m}{section.2.2}% 33
\BOOKMARK [2][-]{subsection.2.2.4}{\376\377\000N\000e\000z\000n\000a\000l\000o\000s\001\145\000\040\000t\000r\000a\000t\000e}{section.2.2}% 34
\BOOKMARK [2][-]{subsection.2.2.5}{\376\377\000N\000e\000v\001\141\000e\000o\000b\000e\000c\000n\000o\000s\001\145\000\040\000r\000i\000e\001\141\000e\000n\000i\000a}{section.2.2}% 35
\BOOKMARK [1][-]{section.2.3}{\376\377\000N\000\341\000v\000r\000h\000\040\000a\000g\000e\000n\000t\000a}{chapter.2}% 36
\BOOKMARK [2][-]{subsection.2.3.1}{\376\377\000T\000y\000p\000\040\000a\000g\000e\000n\000t\000a\000\040\000a\000\040\000p\000r\000o\000s\000t\000r\000e\000d\000i\000e}{section.2.3}% 37
\BOOKMARK [2][-]{subsection.2.3.2}{\376\377\000S\000e\000n\000z\000o\000r\000y}{section.2.3}% 38
\BOOKMARK [2][-]{subsection.2.3.3}{\376\377\000E\000f\000e\000k\000t\000o\000r\000y}{section.2.3}% 39
\BOOKMARK [2][-]{subsection.2.3.4}{\376\377\000R\000o\000z\000h\000o\000d\000o\000v\000a\000c\000i\000a\000\040\000f\000u\000n\000k\000c\000i\000a\000\040\000a\000g\000e\000n\000t\000a}{section.2.3}% 40
\BOOKMARK [2][-]{subsection.2.3.5}{\376\377\000T\000r\000\351\000n\000o\000v\000a\000n\000i\000e\000\040\000n\000e\000u\000r\000\363\000n\000o\000v\000e\000j\000\040\000s\000i\000e\000t\000e}{section.2.3}% 41
\BOOKMARK [1][-]{section.2.4}{\376\377\000P\000r\000e\000d\000p\000o\000k\000l\000a\000d\000y\000\040\000a\000\040\000o\000b\000m\000e\000d\000z\000e\000n\000i\000a}{chapter.2}% 42
\BOOKMARK [0][-]{chapter.3}{\376\377\000I\000m\000p\000l\000e\000m\000e\000n\000t\000\341\000c\000i\000a}{}% 43
\BOOKMARK [1][-]{section.3.1}{\376\377\000E\000x\000p\000o\000r\000t\000\040\0003\000D\000\040\000m\000o\000d\000e\000l\000o\000v\000\040\000b\000l\000o\000k\000o\000v}{chapter.3}% 44
\BOOKMARK [1][-]{section.3.2}{\376\377\000E\000x\000t\000r\000a\000h\000o\000v\000a\000n\000i\000e\000\040\000\372\000d\000a\000j\000o\000v\000\040\000o\000\040\000m\000a\000p\000e}{chapter.3}% 45
\BOOKMARK [1][-]{section.3.3}{\376\377\000V\000y\000t\000v\000o\000r\000e\000n\000i\000e\000\040\000v\000i\000r\000t\000u\000\341\000l\000n\000e\000h\000o\000\040\000p\000r\000o\000s\000t\000r\000e\000d\000i\000a}{chapter.3}% 46
\BOOKMARK [1][-]{section.3.4}{\376\377\000Z\000\355\000s\000k\000a\000v\000a\000n\000i\000e\000\040\000d\000\341\000t\000\040\000o\000\040\000s\000t\000a\000v\000e\000\040\000v\000o\000z\000i\000d\000l\000a}{chapter.3}% 47
\BOOKMARK [1][-]{section.3.5}{\376\377\000S\000i\000m\000u\000l\000\341\000c\000i\000a\000\040\000L\000i\000D\000A\000R\000\040\000s\000e\000n\000z\000o\000r\000o\000v}{chapter.3}% 48
\BOOKMARK [1][-]{section.3.6}{\376\377\000D\000e\000f\000i\000n\000\355\000c\000i\000a\000\040\000p\000r\000o\000s\000t\000r\000e\000d\000i\000a}{chapter.3}% 49
\BOOKMARK [1][-]{section.3.7}{\376\377\000T\000r\000\351\000n\000o\000v\000a\000n\000i\000e\000\040\000a\000g\000e\000n\000t\000a}{chapter.3}% 50
\BOOKMARK [1][-]{section.3.8}{\376\377\000P\000o\000u\001\176\000\355\000v\000a\000n\000i\000e\000\040\000n\000a\000t\000r\000\351\000n\000o\000v\000a\000n\000\351\000h\000o\000\040\000m\000o\000d\000e\000l\000u}{chapter.3}% 51
\BOOKMARK [0][-]{chapter.4}{\376\377\000V\000y\000h\000o\000d\000n\000o\000t\000e\000n\000i\000e}{}% 52
\BOOKMARK [1][-]{section.4.1}{\376\377\000P\000o\000r\000o\000v\000n\000a\000n\000i\000e\000\040\001\015\000a\000s\000o\000v\000\040\000p\000r\000e\000j\000d\000e\000n\000i\000a\000\040\000t\000r\000a\000t\000e}{chapter.4}% 53
\BOOKMARK [1][-]{section.4.2}{\376\377\000P\000o\000r\000o\000v\000n\000a\000n\000i\000e\000\040\000r\000\375\000c\000h\000l\000o\000s\000t\000i\000\040\000o\000d\000o\000z\000v\000y}{chapter.4}% 54
\BOOKMARK [1][-]{section.4.3}{\376\377\000Z\000\341\000v\000e\000r\000e\001\015\000n\000\351\000\040\000z\000h\000o\000d\000n\000o\000t\000e\000n\000i\000e}{chapter.4}% 55
\BOOKMARK [0][-]{chapter*.7}{\376\377\000Z\000\341\000v\000e\000r}{}% 56
\BOOKMARK [0][-]{chapter*.9}{\376\377\000P\000r\000\355\000l\000o\000h\000a\000\040\000A}{}% 57
